<?xml version="1.0" encoding="UTF-8"?>
<robot generator="Robot 6.1.1 (Python 3.9.6 on darwin)" generated="20251120 15:20:07.595" rpa="false" schemaversion="4">
<suite id="s1" name="Qa-Assignments" source="/Users/sarvarsadazov/PycharmProjects/qa-assignments">
<suite id="s1-s1" name="testCases" source="/Users/sarvarsadazov/PycharmProjects/qa-assignments/testCases">
<suite id="s1-s1-s1" name="Inventory Page Test" source="/Users/sarvarsadazov/PycharmProjects/qa-assignments/testCases/inventory_page_test.robot">
<kw name="Login To site" library="resources" type="SETUP">
<kw name="Evaluate" library="BuiltIn">
<var>${options}</var>
<arg>sys.modules['selenium.webdriver'].ChromeOptions()</arg>
<arg>sys, selenium.webdriver</arg>
<doc>Evaluates the given expression in Python and returns the result.</doc>
<msg timestamp="20251120 15:20:07.705" level="INFO">${options} = &lt;selenium.webdriver.chrome.options.Options object at 0x102801850&gt;</msg>
<status status="PASS" starttime="20251120 15:20:07.705" endtime="20251120 15:20:07.705"/>
</kw>
<kw name="Call Method" library="BuiltIn">
<arg>${options}</arg>
<arg>add_argument</arg>
<arg>--incognito</arg>
<doc>Calls the named method of the given object with the provided arguments.</doc>
<status status="PASS" starttime="20251120 15:20:07.705" endtime="20251120 15:20:07.705"/>
</kw>
<kw name="Open Browser" library="SeleniumLibrary">
<arg>${BASE_URL}</arg>
<arg>chrome</arg>
<arg>options=${options}</arg>
<doc>Opens a new browser instance to the optional ``url``.</doc>
<msg timestamp="20251120 15:20:07.706" level="INFO">Opening browser 'chrome' to base url 'https://www.saucedemo.com/'.</msg>
<status status="PASS" starttime="20251120 15:20:07.705" endtime="20251120 15:20:11.416"/>
</kw>
<kw name="Input Text" library="SeleniumLibrary">
<arg>id=user-name</arg>
<arg>${USERNAME}</arg>
<doc>Types the given ``text`` into the text field identified by ``locator``.</doc>
<msg timestamp="20251120 15:20:11.419" level="INFO">Typing text 'standard_user' into text field 'id=user-name'.</msg>
<status status="PASS" starttime="20251120 15:20:11.417" endtime="20251120 15:20:11.535"/>
</kw>
<kw name="Input Text" library="SeleniumLibrary">
<arg>id=password</arg>
<arg>${PASSWORD}</arg>
<doc>Types the given ``text`` into the text field identified by ``locator``.</doc>
<msg timestamp="20251120 15:20:11.536" level="INFO">Typing text 'secret_sauce' into text field 'id=password'.</msg>
<status status="PASS" starttime="20251120 15:20:11.535" endtime="20251120 15:20:11.565"/>
</kw>
<kw name="Click Button" library="SeleniumLibrary">
<arg>id=login-button</arg>
<doc>Clicks the button identified by ``locator``.</doc>
<msg timestamp="20251120 15:20:11.565" level="INFO">Clicking button 'id=login-button'.</msg>
<status status="PASS" starttime="20251120 15:20:11.565" endtime="20251120 15:20:11.617"/>
</kw>
<kw name="Location Should Contain" library="SeleniumLibrary">
<arg>inventory.html</arg>
<doc>Verifies that the current URL contains ``expected``.</doc>
<msg timestamp="20251120 15:20:11.619" level="INFO">Current location contains 'inventory.html'.</msg>
<status status="PASS" starttime="20251120 15:20:11.617" endtime="20251120 15:20:11.619"/>
</kw>
<status status="PASS" starttime="20251120 15:20:07.705" endtime="20251120 15:20:11.619"/>
</kw>
<test id="s1-s1-s1-t1" name="Go to item page sucessfully" line="38">
<kw name="Page Should Contain Element" library="SeleniumLibrary">
<arg>class=inventory_item</arg>
<doc>Verifies that element ``locator`` is found on the current page.</doc>
<msg timestamp="20251120 15:20:11.624" level="INFO">Current page contains element 'class=inventory_item'.</msg>
<status status="PASS" starttime="20251120 15:20:11.620" endtime="20251120 15:20:11.624"/>
</kw>
<kw name="Scroll Element Into View" library="SeleniumLibrary">
<arg>xpath=//*[@id="item_4_title_link"]</arg>
<doc>Scrolls the element identified by ``locator`` into view.</doc>
<status status="PASS" starttime="20251120 15:20:11.624" endtime="20251120 15:20:12.189"/>
</kw>
<kw name="Wait Until Element Is Visible" library="SeleniumLibrary">
<arg>xpath=//*[@id="item_4_title_link"]</arg>
<arg>10s</arg>
<doc>Waits until the element ``locator`` is visible.</doc>
<status status="PASS" starttime="20251120 15:20:12.189" endtime="20251120 15:20:12.199"/>
</kw>
<kw name="Click Element" library="SeleniumLibrary">
<arg>xpath=//*[@id="item_4_title_link"]</arg>
<doc>Click the element identified by ``locator``.</doc>
<msg timestamp="20251120 15:20:12.200" level="INFO">Clicking element 'xpath=//*[@id="item_4_title_link"]'.</msg>
<status status="PASS" starttime="20251120 15:20:12.200" endtime="20251120 15:20:12.222"/>
</kw>
<kw name="Page Should Contain Element" library="SeleniumLibrary">
<arg>class=inventory_item_container</arg>
<doc>Verifies that element ``locator`` is found on the current page.</doc>
<msg timestamp="20251120 15:20:12.227" level="INFO">Current page contains element 'class=inventory_item_container'.</msg>
<status status="PASS" starttime="20251120 15:20:12.222" endtime="20251120 15:20:12.227"/>
</kw>
<kw name="Scroll Element Into View" library="SeleniumLibrary">
<arg>xpath=//*[@id="back-to-products"]</arg>
<doc>Scrolls the element identified by ``locator`` into view.</doc>
<status status="PASS" starttime="20251120 15:20:12.227" endtime="20251120 15:20:12.613"/>
</kw>
<kw name="Click Element" library="SeleniumLibrary">
<arg>xpath=//*[@id="back-to-products"]</arg>
<doc>Click the element identified by ``locator``.</doc>
<msg timestamp="20251120 15:20:12.615" level="INFO">Clicking element 'xpath=//*[@id="back-to-products"]'.</msg>
<status status="PASS" starttime="20251120 15:20:12.614" endtime="20251120 15:20:12.660"/>
</kw>
<doc>Проверка что переходит на страницу товара по нажатию</doc>
<status status="PASS" starttime="20251120 15:20:11.619" endtime="20251120 15:20:12.660"/>
</test>
<kw name="Close All Browsers" library="SeleniumLibrary" type="TEARDOWN">
<doc>Closes all open browsers and resets the browser cache.</doc>
<status status="PASS" starttime="20251120 15:20:12.661" endtime="20251120 15:20:12.734"/>
</kw>
<status status="PASS" starttime="20251120 15:20:07.605" endtime="20251120 15:20:12.734"/>
</suite>
<status status="PASS" starttime="20251120 15:20:07.605" endtime="20251120 15:20:12.735"/>
</suite>
<status status="PASS" starttime="20251120 15:20:07.597" endtime="20251120 15:20:12.735"/>
</suite>
<statistics>
<total>
<stat pass="1" fail="0" skip="0">All Tests</stat>
</total>
<tag>
</tag>
<suite>
<stat pass="1" fail="0" skip="0" id="s1" name="Qa-Assignments">Qa-Assignments</stat>
<stat pass="1" fail="0" skip="0" id="s1-s1" name="testCases">Qa-Assignments.testCases</stat>
<stat pass="1" fail="0" skip="0" id="s1-s1-s1" name="Inventory Page Test">Qa-Assignments.testCases.Inventory Page Test</stat>
</suite>
</statistics>
<errors>
</errors>
</robot>
