<robot generator="Robot 6.1.1 (Python 3.9.6 on darwin)" generated="20251120 14:56:18.904" rpa="false" schemaversion="4">
<statistics>
<total>
<stat pass="4" fail="0" skip="0">All Tests</stat>
</total>
<tag>
</tag>
<suite>
<stat pass="4" fail="0" skip="0" id="s1" name="testCases">testCases</stat>
<stat pass="4" fail="0" skip="0" id="s1-s1" name="Login Page Test">testCases.Login Page Test</stat>
</suite>
</statistics>
<suite name="Suites" id="s0"><suite id="s1-s1" name="Login Page Test Windows, 11, Edge, 140.0" source="/Users/sarvarsadazov/PycharmProjects/qa-assignments/testCases/login_page_test.robot">
<test id="s1-s1-t1" name="Login Successful" line="7">
<kw name="Open Browser" library="SeleniumLibrary">
<arg>${BASE_URL}</arg>
<arg>chrome</arg>
<doc>Opens a new browser instance to the optional ``url``.</doc>
<msg timestamp="20251120 14:56:18.937" level="INFO">Opening browser 'chrome' to base url 'https://www.saucedemo.com/'.</msg>
<msg timestamp="20251120 14:56:18.976" level="INFO">Completed setup!</msg>
<status status="PASS" starttime="20251120 14:56:18.937" endtime="20251120 14:56:36.107" />
</kw>
<kw name="Input Text" library="SeleniumLibrary">
<arg>id=user-name</arg>
<arg>${STANDARD_USER}</arg>
<doc>Types the given ``text`` into the text field identified by ``locator``.</doc>
<msg timestamp="20251120 14:56:36.111" level="INFO">Typing text 'standard_user' into text field 'id=user-name'.</msg>
<status status="PASS" starttime="20251120 14:56:36.109" endtime="20251120 14:56:37.312" />
</kw>
<kw name="Input Text" library="SeleniumLibrary">
<arg>id=password</arg>
<arg>${PASSWORD}</arg>
<doc>Types the given ``text`` into the text field identified by ``locator``.</doc>
<msg timestamp="20251120 14:56:37.316" level="INFO">Typing text 'secret_sauce' into text field 'id=password'.</msg>
<status status="PASS" starttime="20251120 14:56:37.314" endtime="20251120 14:56:38.231" />
</kw>
<kw name="Click Button" library="SeleniumLibrary">
<arg>id=login-button</arg>
<doc>Clicks the button identified by ``locator``.</doc>
<msg timestamp="20251120 14:56:38.233" level="INFO">Clicking button 'id=login-button'.</msg>
<status status="PASS" starttime="20251120 14:56:38.232" endtime="20251120 14:56:38.977" />
</kw>
<kw name="Page Should Contain Element" library="SeleniumLibrary">
<arg>class=product_sort_container</arg>
<doc>Verifies that element ``locator`` is found on the current page.</doc>
<msg timestamp="20251120 14:56:39.144" level="INFO">Current page contains element 'class=product_sort_container'.</msg>
<status status="PASS" starttime="20251120 14:56:38.979" endtime="20251120 14:56:39.145" />
</kw>
<kw name="Close Browser" library="SeleniumLibrary">
<doc>Closes the current browser.</doc>
<status status="PASS" starttime="20251120 14:56:39.147" endtime="20251120 14:56:39.148" />
</kw>
<status status="PASS" starttime="20251120 14:56:18.936" endtime="20251120 14:56:39.150" />
</test>
<test id="s1-s1-t2" name="Password is incorrect" line="15">
<kw name="Open Browser" library="SeleniumLibrary">
<arg>${BASE_URL}</arg>
<arg>chrome</arg>
<doc>Opens a new browser instance to the optional ``url``.</doc>
<msg timestamp="20251120 14:56:41.058" level="INFO">Opening browser 'chrome' to base url 'https://www.saucedemo.com/'.</msg>
<msg timestamp="20251120 14:56:41.182" level="INFO">Completed setup!</msg>
<status status="PASS" starttime="20251120 14:56:41.057" endtime="20251120 14:56:54.014" />
</kw>
<kw name="Input Text" library="SeleniumLibrary">
<arg>id=user-name</arg>
<arg>${STANDARD_USER}</arg>
<doc>Types the given ``text`` into the text field identified by ``locator``.</doc>
<msg timestamp="20251120 14:56:54.019" level="INFO">Typing text 'standard_user' into text field 'id=user-name'.</msg>
<status status="PASS" starttime="20251120 14:56:54.017" endtime="20251120 14:56:55.292" />
</kw>
<kw name="Input Text" library="SeleniumLibrary">
<arg>id=password</arg>
<arg>${INCORRECT_PASSWORD}</arg>
<doc>Types the given ``text`` into the text field identified by ``locator``.</doc>
<msg timestamp="20251120 14:56:55.295" level="INFO">Typing text '123456' into text field 'id=password'.</msg>
<status status="PASS" starttime="20251120 14:56:55.293" endtime="20251120 14:56:55.906" />
</kw>
<kw name="Click Button" library="SeleniumLibrary">
<arg>id=login-button</arg>
<doc>Clicks the button identified by ``locator``.</doc>
<msg timestamp="20251120 14:56:55.911" level="INFO">Clicking button 'id=login-button'.</msg>
<status status="PASS" starttime="20251120 14:56:55.908" endtime="20251120 14:56:56.440" />
</kw>
<kw name="Get Text" library="SeleniumLibrary">
<var>${error_text}</var>
<arg>xpath=//*[@id="login_button_container"]/div/form/div[3]</arg>
<doc>Returns the text value of the element identified by ``locator``.</doc>
<msg timestamp="20251120 14:56:56.752" level="INFO">${error_text} = Epic sadface: Username and password do not match any user in this service</msg>
<status status="PASS" starttime="20251120 14:56:56.441" endtime="20251120 14:56:56.753" />
</kw>
<kw name="Should Contain" library="BuiltIn">
<arg>${error_text}</arg>
<arg>${INCORRECT_PASSWORD_ERROR}</arg>
<doc>Fails if ``container`` does not contain ``item`` one or more times.</doc>
<status status="PASS" starttime="20251120 14:56:56.755" endtime="20251120 14:56:56.757" />
</kw>
<kw name="Close Browser" library="SeleniumLibrary">
<doc>Closes the current browser.</doc>
<status status="PASS" starttime="20251120 14:56:56.758" endtime="20251120 14:56:56.759" />
</kw>
<status status="PASS" starttime="20251120 14:56:41.055" endtime="20251120 14:56:56.760" />
</test>
<test id="s1-s1-t3" name="User locked" line="25">
<kw name="Open Browser" library="SeleniumLibrary">
<arg>${BASE_URL}</arg>
<arg>chrome</arg>
<doc>Opens a new browser instance to the optional ``url``.</doc>
<msg timestamp="20251120 14:56:58.666" level="INFO">Opening browser 'chrome' to base url 'https://www.saucedemo.com/'.</msg>
<msg timestamp="20251120 14:56:58.782" level="INFO">Completed setup!</msg>
<status status="PASS" starttime="20251120 14:56:58.665" endtime="20251120 14:57:11.669" />
</kw>
<kw name="Input Text" library="SeleniumLibrary">
<arg>id=user-name</arg>
<arg>${LOCKED_OUT_USER}</arg>
<doc>Types the given ``text`` into the text field identified by ``locator``.</doc>
<msg timestamp="20251120 14:57:11.677" level="INFO">Typing text 'locked_out_user' into text field 'id=user-name'.</msg>
<status status="PASS" starttime="20251120 14:57:11.675" endtime="20251120 14:57:12.870" />
</kw>
<kw name="Input Text" library="SeleniumLibrary">
<arg>id=password</arg>
<arg>${PASSWORD}</arg>
<doc>Types the given ``text`` into the text field identified by ``locator``.</doc>
<msg timestamp="20251120 14:57:12.872" level="INFO">Typing text 'secret_sauce' into text field 'id=password'.</msg>
<status status="PASS" starttime="20251120 14:57:12.871" endtime="20251120 14:57:13.524" />
</kw>
<kw name="Click Button" library="SeleniumLibrary">
<arg>id=login-button</arg>
<doc>Clicks the button identified by ``locator``.</doc>
<msg timestamp="20251120 14:57:13.527" level="INFO">Clicking button 'id=login-button'.</msg>
<status status="PASS" starttime="20251120 14:57:13.525" endtime="20251120 14:57:14.105" />
</kw>
<kw name="Get Text" library="SeleniumLibrary">
<var>${error_text}</var>
<arg>xpath=//*[@id="login_button_container"]/div/form/div[3]</arg>
<doc>Returns the text value of the element identified by ``locator``.</doc>
<msg timestamp="20251120 14:57:14.455" level="INFO">${error_text} = Epic sadface: Sorry, this user has been locked out.</msg>
<status status="PASS" starttime="20251120 14:57:14.108" endtime="20251120 14:57:14.457" />
</kw>
<kw name="Should Contain" library="BuiltIn">
<arg>${error_text}</arg>
<arg>${LOCKED_OUT_USER_ERROR}</arg>
<doc>Fails if ``container`` does not contain ``item`` one or more times.</doc>
<status status="PASS" starttime="20251120 14:57:14.459" endtime="20251120 14:57:14.461" />
</kw>
<kw name="Close Browser" library="SeleniumLibrary">
<doc>Closes the current browser.</doc>
<status status="PASS" starttime="20251120 14:57:14.462" endtime="20251120 14:57:14.463" />
</kw>
<status status="PASS" starttime="20251120 14:56:58.662" endtime="20251120 14:57:14.465" />
</test>
<test id="s1-s1-t4" name="Password is required" line="35">
<kw name="Open Browser" library="SeleniumLibrary">
<arg>${BASE_URL}</arg>
<arg>chrome</arg>
<doc>Opens a new browser instance to the optional ``url``.</doc>
<msg timestamp="20251120 14:57:16.466" level="INFO">Opening browser 'chrome' to base url 'https://www.saucedemo.com/'.</msg>
<msg timestamp="20251120 14:57:16.583" level="INFO">Completed setup!</msg>
<status status="PASS" starttime="20251120 14:57:16.465" endtime="20251120 14:57:43.228" />
</kw>
<kw name="Input Text" library="SeleniumLibrary">
<arg>id=user-name</arg>
<arg>${LOCKED_OUT_USER}</arg>
<doc>Types the given ``text`` into the text field identified by ``locator``.</doc>
<msg timestamp="20251120 14:57:43.231" level="INFO">Typing text 'locked_out_user' into text field 'id=user-name'.</msg>
<status status="PASS" starttime="20251120 14:57:43.230" endtime="20251120 14:57:44.585" />
</kw>
<kw name="Input Text" library="SeleniumLibrary">
<arg>id=password</arg>
<arg>${PASSWORD}</arg>
<doc>Types the given ``text`` into the text field identified by ``locator``.</doc>
<msg timestamp="20251120 14:57:44.588" level="INFO">Typing text 'secret_sauce' into text field 'id=password'.</msg>
<status status="PASS" starttime="20251120 14:57:44.587" endtime="20251120 14:57:45.150" />
</kw>
<kw name="Click Button" library="SeleniumLibrary">
<arg>id=login-button</arg>
<doc>Clicks the button identified by ``locator``.</doc>
<msg timestamp="20251120 14:57:45.153" level="INFO">Clicking button 'id=login-button'.</msg>
<status status="PASS" starttime="20251120 14:57:45.151" endtime="20251120 14:57:45.702" />
</kw>
<kw name="Get Text" library="SeleniumLibrary">
<var>${error_text}</var>
<arg>xpath=//*[@id="login_button_container"]/div/form/div[3]</arg>
<doc>Returns the text value of the element identified by ``locator``.</doc>
<msg timestamp="20251120 14:57:46.070" level="INFO">${error_text} = Epic sadface: Sorry, this user has been locked out.</msg>
<status status="PASS" starttime="20251120 14:57:45.704" endtime="20251120 14:57:46.072" />
</kw>
<kw name="Should Contain" library="BuiltIn">
<arg>${error_text}</arg>
<arg>${EMPTY_PASSWORD}</arg>
<doc>Fails if ``container`` does not contain ``item`` one or more times.</doc>
<status status="PASS" starttime="20251120 14:57:46.073" endtime="20251120 14:57:46.075" />
</kw>
<kw name="Close Browser" library="SeleniumLibrary">
<doc>Closes the current browser.</doc>
<status status="PASS" starttime="20251120 14:57:46.076" endtime="20251120 14:57:46.077" />
</kw>
<status status="PASS" starttime="20251120 14:57:16.462" endtime="20251120 14:57:46.078" />
</test>
<status status="PASS" starttime="20251120 14:56:18.911" endtime="20251120 14:57:48.209" />
</suite>
<status status="PASS" starttime="20251120 14:56:18.911" endtime="20251120 14:57:48.209" />
</suite><errors>
</errors>
</robot>