<robot generator="Robot 6.1.1 (Python 3.9.6 on darwin)" generated="20251120 16:55:18.189" rpa="false" schemaversion="4">
<statistics>
<total>
<stat pass="4" fail="0" skip="0">All Tests</stat>
</total>
<tag>
</tag>
<suite>
<stat pass="4" fail="0" skip="0" id="s1" name="Login Page Test">Login Page Test</stat>
</suite>
</statistics>
<suite name="Suites" id="s0"><suite id="s1" name="Login Page Test Windows, 11, Edge, latest" source="/Users/sarvarsadazov/PycharmProjects/qa-assignments/testCases/login_page_test.robot">
<test id="s1-t1" name="Login Successful" line="7">
<kw name="Open Browser" library="SeleniumLibrary">
<arg>${BASE_URL}</arg>
<arg>chrome</arg>
<doc>Opens a new browser instance to the optional ``url``.</doc>
<msg timestamp="20251120 16:55:18.235" level="INFO">Opening browser 'chrome' to base url 'https://www.saucedemo.com/'.</msg>
<msg timestamp="20251120 16:55:18.579" level="INFO">Completed setup!</msg>
<status status="PASS" starttime="20251120 16:55:18.234" endtime="20251120 16:55:45.993" />
</kw>
<kw name="Input Text" library="SeleniumLibrary">
<arg>id=user-name</arg>
<arg>${STANDARD_USER}</arg>
<doc>Types the given ``text`` into the text field identified by ``locator``.</doc>
<msg timestamp="20251120 16:55:46.002" level="INFO">Typing text 'standard_user' into text field 'id=user-name'.</msg>
<status status="PASS" starttime="20251120 16:55:45.997" endtime="20251120 16:55:46.716" />
</kw>
<kw name="Input Text" library="SeleniumLibrary">
<arg>id=password</arg>
<arg>${PASSWORD}</arg>
<doc>Types the given ``text`` into the text field identified by ``locator``.</doc>
<msg timestamp="20251120 16:55:46.722" level="INFO">Typing text 'secret_sauce' into text field 'id=password'.</msg>
<status status="PASS" starttime="20251120 16:55:46.719" endtime="20251120 16:55:47.226" />
</kw>
<kw name="Click Button" library="SeleniumLibrary">
<arg>id=login-button</arg>
<doc>Clicks the button identified by ``locator``.</doc>
<msg timestamp="20251120 16:55:47.232" level="INFO">Clicking button 'id=login-button'.</msg>
<status status="PASS" starttime="20251120 16:55:47.229" endtime="20251120 16:55:47.987" />
</kw>
<kw name="Page Should Contain Element" library="SeleniumLibrary">
<arg>class=product_sort_container</arg>
<doc>Verifies that element ``locator`` is found on the current page.</doc>
<msg timestamp="20251120 16:55:48.148" level="INFO">Current page contains element 'class=product_sort_container'.</msg>
<status status="PASS" starttime="20251120 16:55:47.988" endtime="20251120 16:55:48.152" />
</kw>
<kw name="Close Browser" library="SeleniumLibrary">
<doc>Closes the current browser.</doc>
<status status="PASS" starttime="20251120 16:55:48.155" endtime="20251120 16:55:48.156" />
</kw>
<status status="PASS" starttime="20251120 16:55:18.233" endtime="20251120 16:55:48.158" />
</test>
<test id="s1-t2" name="Password is incorrect" line="15">
<kw name="Open Browser" library="SeleniumLibrary">
<arg>${BASE_URL}</arg>
<arg>chrome</arg>
<doc>Opens a new browser instance to the optional ``url``.</doc>
<msg timestamp="20251120 16:55:49.989" level="INFO">Opening browser 'chrome' to base url 'https://www.saucedemo.com/'.</msg>
<msg timestamp="20251120 16:55:50.073" level="INFO">Completed setup!</msg>
<status status="PASS" starttime="20251120 16:55:49.988" endtime="20251120 16:56:03.248" />
</kw>
<kw name="Input Text" library="SeleniumLibrary">
<arg>id=user-name</arg>
<arg>${STANDARD_USER}</arg>
<doc>Types the given ``text`` into the text field identified by ``locator``.</doc>
<msg timestamp="20251120 16:56:03.253" level="INFO">Typing text 'standard_user' into text field 'id=user-name'.</msg>
<status status="PASS" starttime="20251120 16:56:03.251" endtime="20251120 16:56:03.870" />
</kw>
<kw name="Input Text" library="SeleniumLibrary">
<arg>id=password</arg>
<arg>${INCORRECT_PASSWORD}</arg>
<doc>Types the given ``text`` into the text field identified by ``locator``.</doc>
<msg timestamp="20251120 16:56:03.873" level="INFO">Typing text '123456' into text field 'id=password'.</msg>
<status status="PASS" starttime="20251120 16:56:03.871" endtime="20251120 16:56:04.454" />
</kw>
<kw name="Click Button" library="SeleniumLibrary">
<arg>id=login-button</arg>
<doc>Clicks the button identified by ``locator``.</doc>
<msg timestamp="20251120 16:56:04.455" level="INFO">Clicking button 'id=login-button'.</msg>
<status status="PASS" starttime="20251120 16:56:04.455" endtime="20251120 16:56:04.927" />
</kw>
<kw name="Get Text" library="SeleniumLibrary">
<var>${error_text}</var>
<arg>xpath=//*[@id="login_button_container"]/div/form/div[3]</arg>
<doc>Returns the text value of the element identified by ``locator``.</doc>
<msg timestamp="20251120 16:56:05.227" level="INFO">${error_text} = Epic sadface: Username and password do not match any user in this service</msg>
<status status="PASS" starttime="20251120 16:56:04.929" endtime="20251120 16:56:05.228" />
</kw>
<kw name="Should Contain" library="BuiltIn">
<arg>${error_text}</arg>
<arg>${INCORRECT_PASSWORD_ERROR}</arg>
<doc>Fails if ``container`` does not contain ``item`` one or more times.</doc>
<status status="PASS" starttime="20251120 16:56:05.230" endtime="20251120 16:56:05.231" />
</kw>
<kw name="Close Browser" library="SeleniumLibrary">
<doc>Closes the current browser.</doc>
<status status="PASS" starttime="20251120 16:56:05.232" endtime="20251120 16:56:05.233" />
</kw>
<status status="PASS" starttime="20251120 16:55:49.987" endtime="20251120 16:56:05.233" />
</test>
<test id="s1-t3" name="User locked" line="25">
<kw name="Open Browser" library="SeleniumLibrary">
<arg>${BASE_URL}</arg>
<arg>chrome</arg>
<doc>Opens a new browser instance to the optional ``url``.</doc>
<msg timestamp="20251120 16:56:07.014" level="INFO">Opening browser 'chrome' to base url 'https://www.saucedemo.com/'.</msg>
<msg timestamp="20251120 16:56:07.075" level="INFO">Completed setup!</msg>
<status status="PASS" starttime="20251120 16:56:07.013" endtime="20251120 16:56:26.618" />
</kw>
<kw name="Input Text" library="SeleniumLibrary">
<arg>id=user-name</arg>
<arg>${LOCKED_OUT_USER}</arg>
<doc>Types the given ``text`` into the text field identified by ``locator``.</doc>
<msg timestamp="20251120 16:56:26.622" level="INFO">Typing text 'locked_out_user' into text field 'id=user-name'.</msg>
<status status="PASS" starttime="20251120 16:56:26.620" endtime="20251120 16:56:27.468" />
</kw>
<kw name="Input Text" library="SeleniumLibrary">
<arg>id=password</arg>
<arg>${PASSWORD}</arg>
<doc>Types the given ``text`` into the text field identified by ``locator``.</doc>
<msg timestamp="20251120 16:56:27.471" level="INFO">Typing text 'secret_sauce' into text field 'id=password'.</msg>
<status status="PASS" starttime="20251120 16:56:27.470" endtime="20251120 16:56:28.044" />
</kw>
<kw name="Click Button" library="SeleniumLibrary">
<arg>id=login-button</arg>
<doc>Clicks the button identified by ``locator``.</doc>
<msg timestamp="20251120 16:56:28.048" level="INFO">Clicking button 'id=login-button'.</msg>
<status status="PASS" starttime="20251120 16:56:28.046" endtime="20251120 16:56:28.683" />
</kw>
<kw name="Get Text" library="SeleniumLibrary">
<var>${error_text}</var>
<arg>xpath=//*[@id="login_button_container"]/div/form/div[3]</arg>
<doc>Returns the text value of the element identified by ``locator``.</doc>
<msg timestamp="20251120 16:56:28.970" level="INFO">${error_text} = Epic sadface: Sorry, this user has been locked out.</msg>
<status status="PASS" starttime="20251120 16:56:28.683" endtime="20251120 16:56:28.971" />
</kw>
<kw name="Should Contain" library="BuiltIn">
<arg>${error_text}</arg>
<arg>${LOCKED_OUT_USER_ERROR}</arg>
<doc>Fails if ``container`` does not contain ``item`` one or more times.</doc>
<status status="PASS" starttime="20251120 16:56:28.972" endtime="20251120 16:56:28.974" />
</kw>
<kw name="Close Browser" library="SeleniumLibrary">
<doc>Closes the current browser.</doc>
<status status="PASS" starttime="20251120 16:56:28.975" endtime="20251120 16:56:28.976" />
</kw>
<status status="PASS" starttime="20251120 16:56:07.010" endtime="20251120 16:56:28.976" />
</test>
<test id="s1-t4" name="Password is required" line="35">
<kw name="Open Browser" library="SeleniumLibrary">
<arg>${BASE_URL}</arg>
<arg>chrome</arg>
<doc>Opens a new browser instance to the optional ``url``.</doc>
<msg timestamp="20251120 16:56:30.815" level="INFO">Opening browser 'chrome' to base url 'https://www.saucedemo.com/'.</msg>
<msg timestamp="20251120 16:56:30.871" level="INFO">Completed setup!</msg>
<status status="PASS" starttime="20251120 16:56:30.813" endtime="20251120 16:56:42.670" />
</kw>
<kw name="Input Text" library="SeleniumLibrary">
<arg>id=user-name</arg>
<arg>${LOCKED_OUT_USER}</arg>
<doc>Types the given ``text`` into the text field identified by ``locator``.</doc>
<msg timestamp="20251120 16:56:42.673" level="INFO">Typing text 'locked_out_user' into text field 'id=user-name'.</msg>
<status status="PASS" starttime="20251120 16:56:42.672" endtime="20251120 16:56:43.864" />
</kw>
<kw name="Input Text" library="SeleniumLibrary">
<arg>id=password</arg>
<arg>${PASSWORD}</arg>
<doc>Types the given ``text`` into the text field identified by ``locator``.</doc>
<msg timestamp="20251120 16:56:43.868" level="INFO">Typing text 'secret_sauce' into text field 'id=password'.</msg>
<status status="PASS" starttime="20251120 16:56:43.866" endtime="20251120 16:56:44.379" />
</kw>
<kw name="Click Button" library="SeleniumLibrary">
<arg>id=login-button</arg>
<doc>Clicks the button identified by ``locator``.</doc>
<msg timestamp="20251120 16:56:44.383" level="INFO">Clicking button 'id=login-button'.</msg>
<status status="PASS" starttime="20251120 16:56:44.381" endtime="20251120 16:56:45.263" />
</kw>
<kw name="Get Text" library="SeleniumLibrary">
<var>${error_text}</var>
<arg>xpath=//*[@id="login_button_container"]/div/form/div[3]</arg>
<doc>Returns the text value of the element identified by ``locator``.</doc>
<msg timestamp="20251120 16:56:45.569" level="INFO">${error_text} = Epic sadface: Sorry, this user has been locked out.</msg>
<status status="PASS" starttime="20251120 16:56:45.265" endtime="20251120 16:56:45.570" />
</kw>
<kw name="Should Contain" library="BuiltIn">
<arg>${error_text}</arg>
<arg>${EMPTY_PASSWORD}</arg>
<doc>Fails if ``container`` does not contain ``item`` one or more times.</doc>
<status status="PASS" starttime="20251120 16:56:45.571" endtime="20251120 16:56:45.572" />
</kw>
<kw name="Close Browser" library="SeleniumLibrary">
<doc>Closes the current browser.</doc>
<status status="PASS" starttime="20251120 16:56:45.573" endtime="20251120 16:56:45.573" />
</kw>
<status status="PASS" starttime="20251120 16:56:30.812" endtime="20251120 16:56:45.574" />
</test>
<status status="PASS" starttime="20251120 16:55:18.192" endtime="20251120 16:56:47.380" />
</suite>
<status status="PASS" starttime="20251120 16:55:18.192" endtime="20251120 16:56:47.380" />
</suite><errors>
</errors>
</robot>