<robot generator="Robot 6.1.1 (Python 3.9.6 on darwin)" generated="20251120 16:55:18.233" rpa="false" schemaversion="4">
<statistics>
<total>
<stat pass="4" fail="0" skip="0">All Tests</stat>
</total>
<tag>
</tag>
<suite>
<stat pass="4" fail="0" skip="0" id="s1" name="Login Page Test">Login Page Test</stat>
</suite>
</statistics>
<suite name="Suites" id="s0"><suite id="s1" name="Login Page Test Windows, 10, Firefox, 130.0" source="/Users/sarvarsadazov/PycharmProjects/qa-assignments/testCases/login_page_test.robot">
<test id="s1-t1" name="Login Successful" line="7">
<kw name="Open Browser" library="SeleniumLibrary">
<arg>${BASE_URL}</arg>
<arg>chrome</arg>
<doc>Opens a new browser instance to the optional ``url``.</doc>
<msg timestamp="20251120 16:55:18.269" level="INFO">Opening browser 'chrome' to base url 'https://www.saucedemo.com/'.</msg>
<msg timestamp="20251120 16:55:18.579" level="INFO">Completed setup!</msg>
<status status="PASS" starttime="20251120 16:55:18.269" endtime="20251120 16:55:47.688" />
</kw>
<kw name="Input Text" library="SeleniumLibrary">
<arg>id=user-name</arg>
<arg>${STANDARD_USER}</arg>
<doc>Types the given ``text`` into the text field identified by ``locator``.</doc>
<msg timestamp="20251120 16:55:47.696" level="INFO">Typing text 'standard_user' into text field 'id=user-name'.</msg>
<status status="PASS" starttime="20251120 16:55:47.691" endtime="20251120 16:55:48.285" />
</kw>
<kw name="Input Text" library="SeleniumLibrary">
<arg>id=password</arg>
<arg>${PASSWORD}</arg>
<doc>Types the given ``text`` into the text field identified by ``locator``.</doc>
<msg timestamp="20251120 16:55:48.287" level="INFO">Typing text 'secret_sauce' into text field 'id=password'.</msg>
<status status="PASS" starttime="20251120 16:55:48.286" endtime="20251120 16:55:48.715" />
</kw>
<kw name="Click Button" library="SeleniumLibrary">
<arg>id=login-button</arg>
<doc>Clicks the button identified by ``locator``.</doc>
<msg timestamp="20251120 16:55:48.719" level="INFO">Clicking button 'id=login-button'.</msg>
<status status="PASS" starttime="20251120 16:55:48.716" endtime="20251120 16:55:49.479" />
</kw>
<kw name="Page Should Contain Element" library="SeleniumLibrary">
<arg>class=product_sort_container</arg>
<doc>Verifies that element ``locator`` is found on the current page.</doc>
<msg timestamp="20251120 16:55:49.620" level="INFO">Current page contains element 'class=product_sort_container'.</msg>
<status status="PASS" starttime="20251120 16:55:49.481" endtime="20251120 16:55:49.621" />
</kw>
<kw name="Close Browser" library="SeleniumLibrary">
<doc>Closes the current browser.</doc>
<status status="PASS" starttime="20251120 16:55:49.623" endtime="20251120 16:55:49.625" />
</kw>
<status status="PASS" starttime="20251120 16:55:18.267" endtime="20251120 16:55:49.627" />
</test>
<test id="s1-t2" name="Password is incorrect" line="15">
<kw name="Open Browser" library="SeleniumLibrary">
<arg>${BASE_URL}</arg>
<arg>chrome</arg>
<doc>Opens a new browser instance to the optional ``url``.</doc>
<msg timestamp="20251120 16:55:51.526" level="INFO">Opening browser 'chrome' to base url 'https://www.saucedemo.com/'.</msg>
<msg timestamp="20251120 16:55:51.585" level="INFO">Completed setup!</msg>
<status status="PASS" starttime="20251120 16:55:51.524" endtime="20251120 16:56:07.436" />
</kw>
<kw name="Input Text" library="SeleniumLibrary">
<arg>id=user-name</arg>
<arg>${STANDARD_USER}</arg>
<doc>Types the given ``text`` into the text field identified by ``locator``.</doc>
<msg timestamp="20251120 16:56:07.439" level="INFO">Typing text 'standard_user' into text field 'id=user-name'.</msg>
<status status="PASS" starttime="20251120 16:56:07.438" endtime="20251120 16:56:08.182" />
</kw>
<kw name="Input Text" library="SeleniumLibrary">
<arg>id=password</arg>
<arg>${INCORRECT_PASSWORD}</arg>
<doc>Types the given ``text`` into the text field identified by ``locator``.</doc>
<msg timestamp="20251120 16:56:08.185" level="INFO">Typing text '123456' into text field 'id=password'.</msg>
<status status="PASS" starttime="20251120 16:56:08.183" endtime="20251120 16:56:08.622" />
</kw>
<kw name="Click Button" library="SeleniumLibrary">
<arg>id=login-button</arg>
<doc>Clicks the button identified by ``locator``.</doc>
<msg timestamp="20251120 16:56:08.625" level="INFO">Clicking button 'id=login-button'.</msg>
<status status="PASS" starttime="20251120 16:56:08.624" endtime="20251120 16:56:09.364" />
</kw>
<kw name="Get Text" library="SeleniumLibrary">
<var>${error_text}</var>
<arg>xpath=//*[@id="login_button_container"]/div/form/div[3]</arg>
<doc>Returns the text value of the element identified by ``locator``.</doc>
<msg timestamp="20251120 16:56:09.987" level="INFO">${error_text} = Epic sadface: Username and password do not match any user in this service</msg>
<status status="PASS" starttime="20251120 16:56:09.367" endtime="20251120 16:56:09.988" />
</kw>
<kw name="Should Contain" library="BuiltIn">
<arg>${error_text}</arg>
<arg>${INCORRECT_PASSWORD_ERROR}</arg>
<doc>Fails if ``container`` does not contain ``item`` one or more times.</doc>
<status status="PASS" starttime="20251120 16:56:09.989" endtime="20251120 16:56:09.991" />
</kw>
<kw name="Close Browser" library="SeleniumLibrary">
<doc>Closes the current browser.</doc>
<status status="PASS" starttime="20251120 16:56:09.992" endtime="20251120 16:56:09.992" />
</kw>
<status status="PASS" starttime="20251120 16:55:51.520" endtime="20251120 16:56:09.994" />
</test>
<test id="s1-t3" name="User locked" line="25">
<kw name="Open Browser" library="SeleniumLibrary">
<arg>${BASE_URL}</arg>
<arg>chrome</arg>
<doc>Opens a new browser instance to the optional ``url``.</doc>
<msg timestamp="20251120 16:56:12.111" level="INFO">Opening browser 'chrome' to base url 'https://www.saucedemo.com/'.</msg>
<msg timestamp="20251120 16:56:12.170" level="INFO">Completed setup!</msg>
<status status="PASS" starttime="20251120 16:56:12.110" endtime="20251120 16:56:23.899" />
</kw>
<kw name="Input Text" library="SeleniumLibrary">
<arg>id=user-name</arg>
<arg>${LOCKED_OUT_USER}</arg>
<doc>Types the given ``text`` into the text field identified by ``locator``.</doc>
<msg timestamp="20251120 16:56:23.902" level="INFO">Typing text 'locked_out_user' into text field 'id=user-name'.</msg>
<status status="PASS" starttime="20251120 16:56:23.901" endtime="20251120 16:56:24.828" />
</kw>
<kw name="Input Text" library="SeleniumLibrary">
<arg>id=password</arg>
<arg>${PASSWORD}</arg>
<doc>Types the given ``text`` into the text field identified by ``locator``.</doc>
<msg timestamp="20251120 16:56:24.831" level="INFO">Typing text 'secret_sauce' into text field 'id=password'.</msg>
<status status="PASS" starttime="20251120 16:56:24.830" endtime="20251120 16:56:25.294" />
</kw>
<kw name="Click Button" library="SeleniumLibrary">
<arg>id=login-button</arg>
<doc>Clicks the button identified by ``locator``.</doc>
<msg timestamp="20251120 16:56:25.299" level="INFO">Clicking button 'id=login-button'.</msg>
<status status="PASS" starttime="20251120 16:56:25.297" endtime="20251120 16:56:25.986" />
</kw>
<kw name="Get Text" library="SeleniumLibrary">
<var>${error_text}</var>
<arg>xpath=//*[@id="login_button_container"]/div/form/div[3]</arg>
<doc>Returns the text value of the element identified by ``locator``.</doc>
<msg timestamp="20251120 16:56:26.307" level="INFO">${error_text} = Epic sadface: Sorry, this user has been locked out.</msg>
<status status="PASS" starttime="20251120 16:56:25.988" endtime="20251120 16:56:26.308" />
</kw>
<kw name="Should Contain" library="BuiltIn">
<arg>${error_text}</arg>
<arg>${LOCKED_OUT_USER_ERROR}</arg>
<doc>Fails if ``container`` does not contain ``item`` one or more times.</doc>
<status status="PASS" starttime="20251120 16:56:26.308" endtime="20251120 16:56:26.308" />
</kw>
<kw name="Close Browser" library="SeleniumLibrary">
<doc>Closes the current browser.</doc>
<status status="PASS" starttime="20251120 16:56:26.308" endtime="20251120 16:56:26.309" />
</kw>
<status status="PASS" starttime="20251120 16:56:12.108" endtime="20251120 16:56:26.309" />
</test>
<test id="s1-t4" name="Password is required" line="35">
<kw name="Open Browser" library="SeleniumLibrary">
<arg>${BASE_URL}</arg>
<arg>chrome</arg>
<doc>Opens a new browser instance to the optional ``url``.</doc>
<msg timestamp="20251120 16:56:28.573" level="INFO">Opening browser 'chrome' to base url 'https://www.saucedemo.com/'.</msg>
<msg timestamp="20251120 16:56:28.635" level="INFO">Completed setup!</msg>
<status status="PASS" starttime="20251120 16:56:28.572" endtime="20251120 16:56:45.175" />
</kw>
<kw name="Input Text" library="SeleniumLibrary">
<arg>id=user-name</arg>
<arg>${LOCKED_OUT_USER}</arg>
<doc>Types the given ``text`` into the text field identified by ``locator``.</doc>
<msg timestamp="20251120 16:56:45.179" level="INFO">Typing text 'locked_out_user' into text field 'id=user-name'.</msg>
<status status="PASS" starttime="20251120 16:56:45.177" endtime="20251120 16:56:45.851" />
</kw>
<kw name="Input Text" library="SeleniumLibrary">
<arg>id=password</arg>
<arg>${PASSWORD}</arg>
<doc>Types the given ``text`` into the text field identified by ``locator``.</doc>
<msg timestamp="20251120 16:56:45.854" level="INFO">Typing text 'secret_sauce' into text field 'id=password'.</msg>
<status status="PASS" starttime="20251120 16:56:45.852" endtime="20251120 16:56:46.284" />
</kw>
<kw name="Click Button" library="SeleniumLibrary">
<arg>id=login-button</arg>
<doc>Clicks the button identified by ``locator``.</doc>
<msg timestamp="20251120 16:56:46.286" level="INFO">Clicking button 'id=login-button'.</msg>
<status status="PASS" starttime="20251120 16:56:46.285" endtime="20251120 16:56:46.998" />
</kw>
<kw name="Get Text" library="SeleniumLibrary">
<var>${error_text}</var>
<arg>xpath=//*[@id="login_button_container"]/div/form/div[3]</arg>
<doc>Returns the text value of the element identified by ``locator``.</doc>
<msg timestamp="20251120 16:56:47.278" level="INFO">${error_text} = Epic sadface: Sorry, this user has been locked out.</msg>
<status status="PASS" starttime="20251120 16:56:46.999" endtime="20251120 16:56:47.280" />
</kw>
<kw name="Should Contain" library="BuiltIn">
<arg>${error_text}</arg>
<arg>${EMPTY_PASSWORD}</arg>
<doc>Fails if ``container`` does not contain ``item`` one or more times.</doc>
<status status="PASS" starttime="20251120 16:56:47.281" endtime="20251120 16:56:47.282" />
</kw>
<kw name="Close Browser" library="SeleniumLibrary">
<doc>Closes the current browser.</doc>
<status status="PASS" starttime="20251120 16:56:47.283" endtime="20251120 16:56:47.284" />
</kw>
<status status="PASS" starttime="20251120 16:56:28.569" endtime="20251120 16:56:47.285" />
</test>
<status status="PASS" starttime="20251120 16:55:18.234" endtime="20251120 16:56:49.302" />
</suite>
<status status="PASS" starttime="20251120 16:55:18.234" endtime="20251120 16:56:49.302" />
</suite><errors>
</errors>
</robot>