<robot generator="Robot 6.1.1 (Python 3.9.6 on darwin)" generated="20251120 14:53:44.905" rpa="false" schemaversion="4">
<statistics>
<total>
<stat pass="5" fail="0" skip="0">All Tests</stat>
</total>
<tag>
</tag>
<suite>
<stat pass="5" fail="0" skip="0" id="s1" name="testCases">testCases</stat>
<stat pass="5" fail="0" skip="0" id="s1-s1" name="Inventory Page Test">testCases.Inventory Page Test</stat>
</suite>
</statistics>
<suite name="Suites" id="s0"><suite id="s1-s1" name="Inventory Page Test Windows, 11, Edge, 140.0" source="/Users/sarvarsadazov/PycharmProjects/qa-assignments/testCases/inventory_page_test.robot">
<kw name="Login To site" library="resources" type="SETUP">
<kw name="Evaluate" library="BuiltIn">
<var>${options}</var>
<arg>sys.modules['selenium.webdriver'].ChromeOptions()</arg>
<arg>sys, selenium.webdriver</arg>
<doc>Evaluates the given expression in Python and returns the result.</doc>
<msg timestamp="20251120 14:53:44.938" level="INFO">${options} = &lt;selenium.webdriver.chrome.options.Options object at 0x1130446a0&gt;</msg>
<status status="PASS" starttime="20251120 14:53:44.938" endtime="20251120 14:53:44.938" />
</kw>
<kw name="Call Method" library="BuiltIn">
<arg>${options}</arg>
<arg>add_argument</arg>
<arg>--incognito</arg>
<doc>Calls the named method of the given object with the provided arguments.</doc>
<status status="PASS" starttime="20251120 14:53:44.938" endtime="20251120 14:53:44.939" />
</kw>
<kw name="Open Browser" library="SeleniumLibrary">
<arg>${BASE_URL}</arg>
<arg>chrome</arg>
<arg>options=${options}</arg>
<doc>Opens a new browser instance to the optional ``url``.</doc>
<msg timestamp="20251120 14:53:44.939" level="INFO">Opening browser 'chrome' to base url 'https://www.saucedemo.com/'.</msg>
<msg timestamp="20251120 14:53:45.032" level="INFO">Completed setup!</msg>
<status status="PASS" starttime="20251120 14:53:44.939" endtime="20251120 14:53:57.723" />
</kw>
<kw name="Input Text" library="SeleniumLibrary">
<arg>id=user-name</arg>
<arg>${USERNAME}</arg>
<doc>Types the given ``text`` into the text field identified by ``locator``.</doc>
<msg timestamp="20251120 14:53:57.728" level="INFO">Typing text 'standard_user' into text field 'id=user-name'.</msg>
<status status="PASS" starttime="20251120 14:53:57.725" endtime="20251120 14:53:58.447" />
</kw>
<kw name="Input Text" library="SeleniumLibrary">
<arg>id=password</arg>
<arg>${PASSWORD}</arg>
<doc>Types the given ``text`` into the text field identified by ``locator``.</doc>
<msg timestamp="20251120 14:53:58.454" level="INFO">Typing text 'secret_sauce' into text field 'id=password'.</msg>
<status status="PASS" starttime="20251120 14:53:58.452" endtime="20251120 14:53:59.041" />
</kw>
<kw name="Click Button" library="SeleniumLibrary">
<arg>id=login-button</arg>
<doc>Clicks the button identified by ``locator``.</doc>
<msg timestamp="20251120 14:53:59.044" level="INFO">Clicking button 'id=login-button'.</msg>
<status status="PASS" starttime="20251120 14:53:59.042" endtime="20251120 14:53:59.661" />
</kw>
<kw name="Location Should Contain" library="SeleniumLibrary">
<arg>inventory.html</arg>
<doc>Verifies that the current URL contains ``expected``.</doc>
<msg timestamp="20251120 14:53:59.793" level="INFO">Current location contains 'inventory.html'.</msg>
<status status="PASS" starttime="20251120 14:53:59.663" endtime="20251120 14:53:59.794" />
</kw>
<status status="PASS" starttime="20251120 14:53:44.937" endtime="20251120 14:53:59.795" />
</kw>
<test id="s1-s1-t1" name="Inventory Page shown successfully" line="9">
<kw name="Page Should Contain Element" library="SeleniumLibrary">
<arg>class=inventory_list</arg>
<doc>Verifies that element ``locator`` is found on the current page.</doc>
<msg timestamp="20251120 14:53:59.942" level="INFO">Current page contains element 'class=inventory_list'.</msg>
<status status="PASS" starttime="20251120 14:53:59.799" endtime="20251120 14:53:59.944" />
</kw>
<kw name="Page Should Contain Element" library="SeleniumLibrary">
<arg>class=inventory_item_img</arg>
<doc>Verifies that element ``locator`` is found on the current page.</doc>
<msg timestamp="20251120 14:54:00.070" level="INFO">Current page contains element 'class=inventory_item_img'.</msg>
<status status="PASS" starttime="20251120 14:53:59.945" endtime="20251120 14:54:00.071" />
</kw>
<kw name="Page Should Contain Element" library="SeleniumLibrary">
<arg>class=inventory_item_description</arg>
<doc>Verifies that element ``locator`` is found on the current page.</doc>
<msg timestamp="20251120 14:54:00.239" level="INFO">Current page contains element 'class=inventory_item_description'.</msg>
<status status="PASS" starttime="20251120 14:54:00.073" endtime="20251120 14:54:00.241" />
</kw>
<doc>&#1055;&#1088;&#1086;&#1074;&#1077;&#1088;&#1082;&#1072; &#1095;&#1090;&#1086; &#1089;&#1090;&#1072;&#1088;&#1085;&#1080;&#1094;&#1072; &#1086;&#1090;&#1086;&#1073;&#1088;&#1072;&#1078;&#1072;&#1077;&#1090;&#1089;&#1103; &#1085;&#1086;&#1088;&#1084;&#1072;&#1083;&#1100;&#1085;&#1086;</doc>
<status status="PASS" starttime="20251120 14:53:59.796" endtime="20251120 14:54:00.241" />
</test>
<test id="s1-s1-t2" name="Addede to cart successfully" line="17">
<kw name="Page Should Contain Element" library="SeleniumLibrary">
<arg>class=inventory_item</arg>
<doc>Verifies that element ``locator`` is found on the current page.</doc>
<msg timestamp="20251120 14:54:01.291" level="INFO">Current page contains element 'class=inventory_item'.</msg>
<status status="PASS" starttime="20251120 14:54:01.159" endtime="20251120 14:54:01.292" />
</kw>
<kw name="Click Button" library="SeleniumLibrary">
<arg>xpath=//*[@id="add-to-cart-sauce-labs-onesie"]</arg>
<doc>Clicks the button identified by ``locator``.</doc>
<msg timestamp="20251120 14:54:01.295" level="INFO">Clicking button 'xpath=//*[@id="add-to-cart-sauce-labs-onesie"]'.</msg>
<status status="PASS" starttime="20251120 14:54:01.293" endtime="20251120 14:54:02.196" />
</kw>
<kw name="Page Should Contain Element" library="SeleniumLibrary">
<arg>class=shopping_cart_link</arg>
<doc>Verifies that element ``locator`` is found on the current page.</doc>
<msg timestamp="20251120 14:54:02.386" level="INFO">Current page contains element 'class=shopping_cart_link'.</msg>
<status status="PASS" starttime="20251120 14:54:02.198" endtime="20251120 14:54:02.389" />
</kw>
<kw name="Get Text" library="SeleniumLibrary">
<var>${amount}</var>
<arg>xpath=//*[@id="shopping_cart_container"]/a/span</arg>
<doc>Returns the text value of the element identified by ``locator``.</doc>
<msg timestamp="20251120 14:54:02.721" level="INFO">${amount} = 1</msg>
<status status="PASS" starttime="20251120 14:54:02.391" endtime="20251120 14:54:02.722" />
</kw>
<kw name="Should Be Equal As Integers" library="BuiltIn">
<arg>${amount}</arg>
<arg>1</arg>
<doc>Fails if objects are unequal after converting them to integers.</doc>
<status status="PASS" starttime="20251120 14:54:02.724" endtime="20251120 14:54:02.725" />
</kw>
<doc>&#1055;&#1088;&#1086;&#1074;&#1077;&#1088;&#1082;&#1072; &#1095;&#1090;&#1086; &#1090;&#1086;&#1074;&#1072;&#1088; &#1076;&#1086;&#1073;&#1072;&#1074;&#1083;&#1103;&#1090;&#1089;&#1103; &#1074; &#1082;&#1086;&#1088;&#1079;&#1080;&#1085;&#1091;</doc>
<status status="PASS" starttime="20251120 14:54:01.156" endtime="20251120 14:54:02.728" />
</test>
<test id="s1-s1-t3" name="Removed from cart successfully" line="28">
<kw name="Page Should Contain Element" library="SeleniumLibrary">
<arg>class=inventory_item</arg>
<doc>Verifies that element ``locator`` is found on the current page.</doc>
<msg timestamp="20251120 14:54:03.892" level="INFO">Current page contains element 'class=inventory_item'.</msg>
<status status="PASS" starttime="20251120 14:54:03.546" endtime="20251120 14:54:03.894" />
</kw>
<kw name="Page Should Contain Element" library="SeleniumLibrary">
<arg>class=shopping_cart_link</arg>
<doc>Verifies that element ``locator`` is found on the current page.</doc>
<msg timestamp="20251120 14:54:04.063" level="INFO">Current page contains element 'class=shopping_cart_link'.</msg>
<status status="PASS" starttime="20251120 14:54:03.896" endtime="20251120 14:54:04.064" />
</kw>
<kw name="Click Button" library="SeleniumLibrary">
<arg>xpath=//*[@id="remove-sauce-labs-onesie"]</arg>
<doc>Clicks the button identified by ``locator``.</doc>
<msg timestamp="20251120 14:54:04.067" level="INFO">Clicking button 'xpath=//*[@id="remove-sauce-labs-onesie"]'.</msg>
<status status="PASS" starttime="20251120 14:54:04.065" endtime="20251120 14:54:05.055" />
</kw>
<kw name="Page Should Not Contain Element" library="SeleniumLibrary">
<arg>xpath=//*[@id="shopping_cart_container"]/a/span</arg>
<doc>Verifies that element ``locator`` is not found on the current page.</doc>
<msg timestamp="20251120 14:54:05.339" level="INFO">Current page does not contain element 'xpath=//*[@id="shopping_cart_container"]/a/span'.</msg>
<status status="PASS" starttime="20251120 14:54:05.059" endtime="20251120 14:54:05.342" />
</kw>
<doc>&#1055;&#1088;&#1086;&#1074;&#1077;&#1088;&#1082;&#1072; &#1095;&#1090;&#1086; &#1090;&#1086;&#1074;&#1072;&#1088; &#1091;&#1076;&#1072;&#1083;&#1103;&#1077;&#1090;&#1089;&#1103; &#1080;&#1079; &#1082;&#1086;&#1088;&#1079;&#1080;&#1085;&#1099;</doc>
<status status="PASS" starttime="20251120 14:54:03.543" endtime="20251120 14:54:05.343" />
</test>
<test id="s1-s1-t4" name="Go to item page sucessfully" line="38">
<kw name="Page Should Contain Element" library="SeleniumLibrary">
<arg>class=inventory_item</arg>
<doc>Verifies that element ``locator`` is found on the current page.</doc>
<msg timestamp="20251120 14:54:06.566" level="INFO">Current page contains element 'class=inventory_item'.</msg>
<status status="PASS" starttime="20251120 14:54:06.420" endtime="20251120 14:54:06.570" />
</kw>
<kw name="Scroll Element Into View" library="SeleniumLibrary">
<arg>xpath=//*[@id="item_4_title_link"]</arg>
<doc>Scrolls the element identified by ``locator`` into view.</doc>
<status status="PASS" starttime="20251120 14:54:06.573" endtime="20251120 14:54:07.139" />
</kw>
<kw name="Wait Until Element Is Visible" library="SeleniumLibrary">
<arg>xpath=//*[@id="item_4_title_link"]</arg>
<arg>10s</arg>
<doc>Waits until the element ``locator`` is visible.</doc>
<status status="PASS" starttime="20251120 14:54:07.141" endtime="20251120 14:54:07.667" />
</kw>
<kw name="Click Element" library="SeleniumLibrary">
<arg>xpath=//*[@id="item_4_title_link"]</arg>
<doc>Click the element identified by ``locator``.</doc>
<msg timestamp="20251120 14:54:07.675" level="INFO">Clicking element 'xpath=//*[@id="item_4_title_link"]'.</msg>
<status status="PASS" starttime="20251120 14:54:07.671" endtime="20251120 14:54:08.015" />
</kw>
<kw name="Page Should Contain Element" library="SeleniumLibrary">
<arg>class=inventory_item_container</arg>
<doc>Verifies that element ``locator`` is found on the current page.</doc>
<msg timestamp="20251120 14:54:08.156" level="INFO">Current page contains element 'class=inventory_item_container'.</msg>
<status status="PASS" starttime="20251120 14:54:08.016" endtime="20251120 14:54:08.158" />
</kw>
<kw name="Scroll Element Into View" library="SeleniumLibrary">
<arg>xpath=//*[@id="back-to-products"]</arg>
<doc>Scrolls the element identified by ``locator`` into view.</doc>
<status status="PASS" starttime="20251120 14:54:08.160" endtime="20251120 14:54:08.676" />
</kw>
<kw name="Click Element" library="SeleniumLibrary">
<arg>xpath=//*[@id="back-to-products"]</arg>
<doc>Click the element identified by ``locator``.</doc>
<msg timestamp="20251120 14:54:08.678" level="INFO">Clicking element 'xpath=//*[@id="back-to-products"]'.</msg>
<status status="PASS" starttime="20251120 14:54:08.677" endtime="20251120 14:54:09.015" />
</kw>
<doc>&#1055;&#1088;&#1086;&#1074;&#1077;&#1088;&#1082;&#1072; &#1095;&#1090;&#1086; &#1087;&#1077;&#1088;&#1077;&#1093;&#1086;&#1076;&#1080;&#1090; &#1085;&#1072; &#1089;&#1090;&#1088;&#1072;&#1085;&#1080;&#1094;&#1091; &#1090;&#1086;&#1074;&#1072;&#1088;&#1072; &#1087;&#1086; &#1085;&#1072;&#1078;&#1072;&#1090;&#1080;&#1102;</doc>
<status status="PASS" starttime="20251120 14:54:06.417" endtime="20251120 14:54:09.018" />
</test>
<test id="s1-s1-t5" name="Check filters" line="52">
<kw name="Page Should Contain Element" library="SeleniumLibrary">
<arg>class=product_sort_container</arg>
<doc>Verifies that element ``locator`` is found on the current page.</doc>
<msg timestamp="20251120 14:54:10.067" level="INFO">Current page contains element 'class=product_sort_container'.</msg>
<status status="PASS" starttime="20251120 14:54:09.946" endtime="20251120 14:54:10.068" />
</kw>
<kw name="Click Element" library="SeleniumLibrary">
<arg>class=product_sort_container</arg>
<doc>Click the element identified by ``locator``.</doc>
<msg timestamp="20251120 14:54:10.071" level="INFO">Clicking element 'class=product_sort_container'.</msg>
<status status="PASS" starttime="20251120 14:54:10.070" endtime="20251120 14:54:10.584" />
</kw>
<kw name="Click Element" library="SeleniumLibrary">
<arg>xpath=//*[@id="header_container"]/div[2]/div/span/select/option[4]</arg>
<doc>Click the element identified by ``locator``.</doc>
<msg timestamp="20251120 14:54:10.587" level="INFO">Clicking element 'xpath=//*[@id="header_container"]/div[2]/div/span/select/option[4]'.</msg>
<status status="PASS" starttime="20251120 14:54:10.585" endtime="20251120 14:54:11.823" />
</kw>
<kw name="Get Text" library="SeleniumLibrary">
<var>${highest}</var>
<arg>xpath=//*[@id="inventory_container"]/div/div[1]/div[2]/div[2]/div[1]</arg>
<doc>Returns the text value of the element identified by ``locator``.</doc>
<msg timestamp="20251120 14:54:12.187" level="INFO">${highest} = $49.99</msg>
<status status="PASS" starttime="20251120 14:54:11.824" endtime="20251120 14:54:12.190" />
</kw>
<kw name="Get Text" library="SeleniumLibrary">
<var>${lowest}</var>
<arg>xpath=//*[@id="inventory_container"]/div/div[6]/div[2]/div[2]/div</arg>
<doc>Returns the text value of the element identified by ``locator``.</doc>
<msg timestamp="20251120 14:54:12.521" level="INFO">${lowest} = $7.99</msg>
<status status="PASS" starttime="20251120 14:54:12.191" endtime="20251120 14:54:12.521" />
</kw>
<kw name="Should Be Equal As Strings" library="BuiltIn">
<arg>${highest}</arg>
<arg>${HIGHEST_REAL}</arg>
<doc>Fails if objects are unequal after converting them to strings.</doc>
<status status="PASS" starttime="20251120 14:54:12.522" endtime="20251120 14:54:12.523" />
</kw>
<kw name="Should Be Equal As Strings" library="BuiltIn">
<arg>${lowest}</arg>
<arg>${LOWEST_REAL}</arg>
<doc>Fails if objects are unequal after converting them to strings.</doc>
<status status="PASS" starttime="20251120 14:54:12.523" endtime="20251120 14:54:12.524" />
</kw>
<doc>&#1055;&#1088;&#1086;&#1074;&#1077;&#1088;&#1082;&#1072; &#1092;&#1080;&#1083;&#1100;&#1090;&#1088;&#1072; &#1087;&#1086; &#1094;&#1077;&#1085;&#1077;</doc>
<status status="PASS" starttime="20251120 14:54:09.943" endtime="20251120 14:54:12.525" />
</test>
<kw name="Close All Browsers" library="SeleniumLibrary" type="TEARDOWN">
<doc>Closes all open browsers and resets the browser cache.</doc>
<status status="PASS" starttime="20251120 14:54:13.287" endtime="20251120 14:54:14.506" />
</kw>
<status status="PASS" starttime="20251120 14:53:44.912" endtime="20251120 14:54:14.510" />
</suite>
<status status="PASS" starttime="20251120 14:53:44.912" endtime="20251120 14:54:14.510" />
</suite><errors>
</errors>
</robot>