<robot generator="Robot 6.1.1 (Python 3.9.6 on darwin)" generated="20251120 14:54:18.575" rpa="false" schemaversion="4">
<statistics>
<total>
<stat pass="2" fail="0" skip="0">All Tests</stat>
</total>
<tag>
</tag>
<suite>
<stat pass="2" fail="0" skip="0" id="s1" name="testCases">testCases</stat>
<stat pass="2" fail="0" skip="0" id="s1-s1" name="Login Page Error User Test">testCases.Login Page Error User Test</stat>
</suite>
</statistics>
<suite name="Suites" id="s0"><suite id="s1-s1" name="Login Page Error User Test Windows, 10, Firefox, 130.0" source="/Users/sarvarsadazov/PycharmProjects/qa-assignments/testCases/login_page_error_user_test.robot">
<test id="s1-s1-t1" name="Cart works incorect" line="9">
<kw name="Login To site Error User" library="resources">
<kw name="Open Browser" library="SeleniumLibrary">
<arg>${BASE_URL}</arg>
<arg>chrome</arg>
<doc>Opens a new browser instance to the optional ``url``.</doc>
<msg timestamp="20251120 14:54:18.616" level="INFO">Opening browser 'chrome' to base url 'https://www.saucedemo.com/'.</msg>
<msg timestamp="20251120 14:54:19.052" level="INFO">Completed setup!</msg>
<status status="PASS" starttime="20251120 14:54:18.615" endtime="20251120 14:54:32.761" />
</kw>
<kw name="Input Text" library="SeleniumLibrary">
<arg>id=user-name</arg>
<arg>${USERNAME}</arg>
<doc>Types the given ``text`` into the text field identified by ``locator``.</doc>
<msg timestamp="20251120 14:54:32.774" level="INFO">Typing text 'problem_user' into text field 'id=user-name'.</msg>
<status status="PASS" starttime="20251120 14:54:32.770" endtime="20251120 14:54:33.332" />
</kw>
<kw name="Input Text" library="SeleniumLibrary">
<arg>id=password</arg>
<arg>${PASSWORD}</arg>
<doc>Types the given ``text`` into the text field identified by ``locator``.</doc>
<msg timestamp="20251120 14:54:33.339" level="INFO">Typing text 'secret_sauce' into text field 'id=password'.</msg>
<status status="PASS" starttime="20251120 14:54:33.335" endtime="20251120 14:54:33.741" />
</kw>
<kw name="Click Button" library="SeleniumLibrary">
<arg>id=login-button</arg>
<doc>Clicks the button identified by ``locator``.</doc>
<msg timestamp="20251120 14:54:33.747" level="INFO">Clicking button 'id=login-button'.</msg>
<status status="PASS" starttime="20251120 14:54:33.744" endtime="20251120 14:54:34.415" />
</kw>
<kw name="Location Should Contain" library="SeleniumLibrary">
<arg>inventory.html</arg>
<doc>Verifies that the current URL contains ``expected``.</doc>
<msg timestamp="20251120 14:54:34.549" level="INFO">Current location contains 'inventory.html'.</msg>
<status status="PASS" starttime="20251120 14:54:34.418" endtime="20251120 14:54:34.550" />
</kw>
<status status="PASS" starttime="20251120 14:54:18.615" endtime="20251120 14:54:34.553" />
</kw>
<kw name="Page Should Contain Element" library="SeleniumLibrary">
<arg>class=inventory_item</arg>
<doc>Verifies that element ``locator`` is found on the current page.</doc>
<msg timestamp="20251120 14:54:34.684" level="INFO">Current page contains element 'class=inventory_item'.</msg>
<status status="PASS" starttime="20251120 14:54:34.555" endtime="20251120 14:54:34.687" />
</kw>
<kw name="Click Button" library="SeleniumLibrary">
<arg>xpath=//*[@id="add-to-cart-sauce-labs-onesie"]</arg>
<doc>Clicks the button identified by ``locator``.</doc>
<msg timestamp="20251120 14:54:34.691" level="INFO">Clicking button 'xpath=//*[@id="add-to-cart-sauce-labs-onesie"]'.</msg>
<status status="PASS" starttime="20251120 14:54:34.689" endtime="20251120 14:54:35.523" />
</kw>
<kw name="Page Should Contain Element" library="SeleniumLibrary">
<arg>class=shopping_cart_link</arg>
<doc>Verifies that element ``locator`` is found on the current page.</doc>
<msg timestamp="20251120 14:54:35.648" level="INFO">Current page contains element 'class=shopping_cart_link'.</msg>
<status status="PASS" starttime="20251120 14:54:35.525" endtime="20251120 14:54:35.650" />
</kw>
<kw name="Get Text" library="SeleniumLibrary">
<var>${amount}</var>
<arg>xpath=//*[@id="shopping_cart_container"]/a/span</arg>
<doc>Returns the text value of the element identified by ``locator``.</doc>
<msg timestamp="20251120 14:54:35.900" level="INFO">${amount} = 1</msg>
<status status="PASS" starttime="20251120 14:54:35.652" endtime="20251120 14:54:35.901" />
</kw>
<kw name="Should Be Equal As Integers" library="BuiltIn">
<arg>${amount}</arg>
<arg>1</arg>
<doc>Fails if objects are unequal after converting them to integers.</doc>
<status status="PASS" starttime="20251120 14:54:35.904" endtime="20251120 14:54:35.906" />
</kw>
<kw name="Click Button" library="SeleniumLibrary">
<arg>xpath=//*[@id="remove-sauce-labs-onesie"]</arg>
<doc>Clicks the button identified by ``locator``.</doc>
<msg timestamp="20251120 14:54:35.909" level="INFO">Clicking button 'xpath=//*[@id="remove-sauce-labs-onesie"]'.</msg>
<status status="PASS" starttime="20251120 14:54:35.907" endtime="20251120 14:54:36.818" />
</kw>
<kw name="Page Should Contain Element" library="SeleniumLibrary">
<arg>xpath=//*[@id="shopping_cart_container"]/a/span</arg>
<doc>Verifies that element ``locator`` is found on the current page.</doc>
<msg timestamp="20251120 14:54:36.942" level="INFO">Current page contains element 'xpath=//*[@id="shopping_cart_container"]/a/span'.</msg>
<status status="PASS" starttime="20251120 14:54:36.820" endtime="20251120 14:54:36.945" />
</kw>
<kw name="Log To Console" library="BuiltIn">
<arg>${amount}</arg>
<doc>Logs the given message to the console.</doc>
<status status="PASS" starttime="20251120 14:54:36.947" endtime="20251120 14:54:36.948" />
</kw>
<doc>&#1055;&#1088;&#1086;&#1074;&#1077;&#1088;&#1082;&#1072; &#1095;&#1090;&#1086; cart &#1088;&#1072;&#1073;&#1086;&#1072;&#1090;&#1077;&#1090; &#1085;&#1077;&#1074;&#1077;&#1088;&#1085;&#1086; &#1082;&#1085;&#1086;&#1087;&#1082;&#1072; &#1091;&#1076;&#1072;&#1083;&#1077;&#1085;&#1080;&#1103;</doc>
<status status="PASS" starttime="20251120 14:54:18.614" endtime="20251120 14:54:36.950" />
</test>
<test id="s1-s1-t2" name="Check filters" line="27">
<kw name="Login To site Error User" library="resources">
<kw name="Open Browser" library="SeleniumLibrary">
<arg>${BASE_URL}</arg>
<arg>chrome</arg>
<doc>Opens a new browser instance to the optional ``url``.</doc>
<msg timestamp="20251120 14:54:37.812" level="INFO">Opening browser 'chrome' to base url 'https://www.saucedemo.com/'.</msg>
<msg timestamp="20251120 14:54:38.075" level="INFO">Completed setup!</msg>
<status status="PASS" starttime="20251120 14:54:37.810" endtime="20251120 14:54:48.689" />
</kw>
<kw name="Input Text" library="SeleniumLibrary">
<arg>id=user-name</arg>
<arg>${USERNAME}</arg>
<doc>Types the given ``text`` into the text field identified by ``locator``.</doc>
<msg timestamp="20251120 14:54:48.696" level="INFO">Typing text 'problem_user' into text field 'id=user-name'.</msg>
<status status="PASS" starttime="20251120 14:54:48.693" endtime="20251120 14:54:49.305" />
</kw>
<kw name="Input Text" library="SeleniumLibrary">
<arg>id=password</arg>
<arg>${PASSWORD}</arg>
<doc>Types the given ``text`` into the text field identified by ``locator``.</doc>
<msg timestamp="20251120 14:54:49.311" level="INFO">Typing text 'secret_sauce' into text field 'id=password'.</msg>
<status status="PASS" starttime="20251120 14:54:49.309" endtime="20251120 14:54:49.731" />
</kw>
<kw name="Click Button" library="SeleniumLibrary">
<arg>id=login-button</arg>
<doc>Clicks the button identified by ``locator``.</doc>
<msg timestamp="20251120 14:54:49.737" level="INFO">Clicking button 'id=login-button'.</msg>
<status status="PASS" starttime="20251120 14:54:49.734" endtime="20251120 14:54:50.415" />
</kw>
<kw name="Location Should Contain" library="SeleniumLibrary">
<arg>inventory.html</arg>
<doc>Verifies that the current URL contains ``expected``.</doc>
<msg timestamp="20251120 14:54:50.615" level="INFO">Current location contains 'inventory.html'.</msg>
<status status="PASS" starttime="20251120 14:54:50.419" endtime="20251120 14:54:50.616" />
</kw>
<status status="PASS" starttime="20251120 14:54:37.809" endtime="20251120 14:54:50.618" />
</kw>
<kw name="Page Should Contain Element" library="SeleniumLibrary">
<arg>class=product_sort_container</arg>
<doc>Verifies that element ``locator`` is found on the current page.</doc>
<msg timestamp="20251120 14:54:50.833" level="INFO">Current page contains element 'class=product_sort_container'.</msg>
<status status="PASS" starttime="20251120 14:54:50.619" endtime="20251120 14:54:50.835" />
</kw>
<kw name="Click Element" library="SeleniumLibrary">
<arg>class=product_sort_container</arg>
<doc>Click the element identified by ``locator``.</doc>
<msg timestamp="20251120 14:54:50.839" level="INFO">Clicking element 'class=product_sort_container'.</msg>
<status status="PASS" starttime="20251120 14:54:50.836" endtime="20251120 14:54:51.398" />
</kw>
<kw name="Click Element" library="SeleniumLibrary">
<arg>xpath=//*[@id="header_container"]/div[2]/div/span/select/option[4]</arg>
<doc>Click the element identified by ``locator``.</doc>
<msg timestamp="20251120 14:54:51.403" level="INFO">Clicking element 'xpath=//*[@id="header_container"]/div[2]/div/span/select/option[4]'.</msg>
<status status="PASS" starttime="20251120 14:54:51.400" endtime="20251120 14:54:51.863" />
</kw>
<kw name="Get Text" library="SeleniumLibrary">
<var>${highest}</var>
<arg>xpath=//*[@id="inventory_container"]/div/div[1]/div[2]/div[2]/div[1]</arg>
<doc>Returns the text value of the element identified by ``locator``.</doc>
<msg timestamp="20251120 14:54:52.125" level="INFO">${highest} = $29.99</msg>
<status status="PASS" starttime="20251120 14:54:51.866" endtime="20251120 14:54:52.125" />
</kw>
<kw name="Get Text" library="SeleniumLibrary">
<var>${lowest}</var>
<arg>xpath=//*[@id="inventory_container"]/div/div[6]/div[2]/div[2]/div</arg>
<doc>Returns the text value of the element identified by ``locator``.</doc>
<msg timestamp="20251120 14:54:52.412" level="INFO">${lowest} = $15.99</msg>
<status status="PASS" starttime="20251120 14:54:52.126" endtime="20251120 14:54:52.414" />
</kw>
<kw name="Log To Console" library="BuiltIn">
<arg>${highest}</arg>
<doc>Logs the given message to the console.</doc>
<status status="PASS" starttime="20251120 14:54:52.416" endtime="20251120 14:54:52.418" />
</kw>
<kw name="Log To Console" library="BuiltIn">
<arg>${lowest}</arg>
<doc>Logs the given message to the console.</doc>
<status status="PASS" starttime="20251120 14:54:52.419" endtime="20251120 14:54:52.421" />
</kw>
<kw name="Should Not Be Equal As Strings" library="BuiltIn">
<arg>${highest}</arg>
<arg>${HIGHEST_REAL}</arg>
<doc>Fails if objects are equal after converting them to strings.</doc>
<status status="PASS" starttime="20251120 14:54:52.422" endtime="20251120 14:54:52.423" />
</kw>
<kw name="Should Not Be Equal As Strings" library="BuiltIn">
<arg>${lowest}</arg>
<arg>${LOWEST_REAL}</arg>
<doc>Fails if objects are equal after converting them to strings.</doc>
<status status="PASS" starttime="20251120 14:54:52.424" endtime="20251120 14:54:52.424" />
</kw>
<doc>&#1055;&#1088;&#1086;&#1074;&#1077;&#1088;&#1082;&#1072; &#1092;&#1080;&#1083;&#1100;&#1090;&#1088;&#1072; &#1087;&#1086; &#1094;&#1077;&#1085;&#1077;</doc>
<status status="PASS" starttime="20251120 14:54:37.807" endtime="20251120 14:54:52.425" />
</test>
<kw name="Close All Browsers" library="SeleniumLibrary" type="TEARDOWN">
<doc>Closes all open browsers and resets the browser cache.</doc>
<status status="PASS" starttime="20251120 14:54:53.307" endtime="20251120 14:54:55.713" />
</kw>
<status status="PASS" starttime="20251120 14:54:18.584" endtime="20251120 14:54:55.715" />
</suite>
<status status="PASS" starttime="20251120 14:54:18.584" endtime="20251120 14:54:55.715" />
</suite><errors>
</errors>
</robot>