<robot generator="Robot 6.1.1 (Python 3.9.6 on darwin)" generated="20251120 14:54:57.813" rpa="false" schemaversion="4">
<statistics>
<total>
<stat pass="2" fail="0" skip="0">All Tests</stat>
</total>
<tag>
</tag>
<suite>
<stat pass="2" fail="0" skip="0" id="s1" name="testCases">testCases</stat>
<stat pass="2" fail="0" skip="0" id="s1-s1" name="Login Page Error User Test">testCases.Login Page Error User Test</stat>
</suite>
</statistics>
<suite name="Suites" id="s0"><suite id="s1-s1" name="Login Page Error User Test Windows, 11, Edge, 140.0" source="/Users/sarvarsadazov/PycharmProjects/qa-assignments/testCases/login_page_error_user_test.robot">
<test id="s1-s1-t1" name="Cart works incorect" line="9">
<kw name="Login To site Error User" library="resources">
<kw name="Open Browser" library="SeleniumLibrary">
<arg>${BASE_URL}</arg>
<arg>chrome</arg>
<doc>Opens a new browser instance to the optional ``url``.</doc>
<msg timestamp="20251120 14:54:57.848" level="INFO">Opening browser 'chrome' to base url 'https://www.saucedemo.com/'.</msg>
<msg timestamp="20251120 14:54:57.950" level="INFO">Completed setup!</msg>
<status status="PASS" starttime="20251120 14:54:57.848" endtime="20251120 14:55:29.138" />
</kw>
<kw name="Input Text" library="SeleniumLibrary">
<arg>id=user-name</arg>
<arg>${USERNAME}</arg>
<doc>Types the given ``text`` into the text field identified by ``locator``.</doc>
<msg timestamp="20251120 14:55:29.147" level="INFO">Typing text 'problem_user' into text field 'id=user-name'.</msg>
<status status="PASS" starttime="20251120 14:55:29.143" endtime="20251120 14:55:32.557" />
</kw>
<kw name="Input Text" library="SeleniumLibrary">
<arg>id=password</arg>
<arg>${PASSWORD}</arg>
<doc>Types the given ``text`` into the text field identified by ``locator``.</doc>
<msg timestamp="20251120 14:55:32.564" level="INFO">Typing text 'secret_sauce' into text field 'id=password'.</msg>
<status status="PASS" starttime="20251120 14:55:32.561" endtime="20251120 14:55:33.469" />
</kw>
<kw name="Click Button" library="SeleniumLibrary">
<arg>id=login-button</arg>
<doc>Clicks the button identified by ``locator``.</doc>
<msg timestamp="20251120 14:55:33.476" level="INFO">Clicking button 'id=login-button'.</msg>
<status status="PASS" starttime="20251120 14:55:33.473" endtime="20251120 14:55:34.910" />
</kw>
<kw name="Location Should Contain" library="SeleniumLibrary">
<arg>inventory.html</arg>
<doc>Verifies that the current URL contains ``expected``.</doc>
<msg timestamp="20251120 14:55:35.150" level="INFO">Current location contains 'inventory.html'.</msg>
<status status="PASS" starttime="20251120 14:55:34.913" endtime="20251120 14:55:35.152" />
</kw>
<status status="PASS" starttime="20251120 14:54:57.847" endtime="20251120 14:55:35.156" />
</kw>
<kw name="Page Should Contain Element" library="SeleniumLibrary">
<arg>class=inventory_item</arg>
<doc>Verifies that element ``locator`` is found on the current page.</doc>
<msg timestamp="20251120 14:55:35.447" level="INFO">Current page contains element 'class=inventory_item'.</msg>
<status status="PASS" starttime="20251120 14:55:35.158" endtime="20251120 14:55:35.449" />
</kw>
<kw name="Click Button" library="SeleniumLibrary">
<arg>xpath=//*[@id="add-to-cart-sauce-labs-onesie"]</arg>
<doc>Clicks the button identified by ``locator``.</doc>
<msg timestamp="20251120 14:55:35.453" level="INFO">Clicking button 'xpath=//*[@id="add-to-cart-sauce-labs-onesie"]'.</msg>
<status status="PASS" starttime="20251120 14:55:35.451" endtime="20251120 14:55:36.823" />
</kw>
<kw name="Page Should Contain Element" library="SeleniumLibrary">
<arg>class=shopping_cart_link</arg>
<doc>Verifies that element ``locator`` is found on the current page.</doc>
<msg timestamp="20251120 14:55:37.117" level="INFO">Current page contains element 'class=shopping_cart_link'.</msg>
<status status="PASS" starttime="20251120 14:55:36.825" endtime="20251120 14:55:37.119" />
</kw>
<kw name="Get Text" library="SeleniumLibrary">
<var>${amount}</var>
<arg>xpath=//*[@id="shopping_cart_container"]/a/span</arg>
<doc>Returns the text value of the element identified by ``locator``.</doc>
<msg timestamp="20251120 14:55:37.704" level="INFO">${amount} = 1</msg>
<status status="PASS" starttime="20251120 14:55:37.121" endtime="20251120 14:55:37.706" />
</kw>
<kw name="Should Be Equal As Integers" library="BuiltIn">
<arg>${amount}</arg>
<arg>1</arg>
<doc>Fails if objects are unequal after converting them to integers.</doc>
<status status="PASS" starttime="20251120 14:55:37.708" endtime="20251120 14:55:37.710" />
</kw>
<kw name="Click Button" library="SeleniumLibrary">
<arg>xpath=//*[@id="remove-sauce-labs-onesie"]</arg>
<doc>Clicks the button identified by ``locator``.</doc>
<msg timestamp="20251120 14:55:37.714" level="INFO">Clicking button 'xpath=//*[@id="remove-sauce-labs-onesie"]'.</msg>
<status status="PASS" starttime="20251120 14:55:37.712" endtime="20251120 14:55:39.304" />
</kw>
<kw name="Page Should Contain Element" library="SeleniumLibrary">
<arg>xpath=//*[@id="shopping_cart_container"]/a/span</arg>
<doc>Verifies that element ``locator`` is found on the current page.</doc>
<msg timestamp="20251120 14:55:39.556" level="INFO">Current page contains element 'xpath=//*[@id="shopping_cart_container"]/a/span'.</msg>
<status status="PASS" starttime="20251120 14:55:39.306" endtime="20251120 14:55:39.557" />
</kw>
<kw name="Log To Console" library="BuiltIn">
<arg>${amount}</arg>
<doc>Logs the given message to the console.</doc>
<status status="PASS" starttime="20251120 14:55:39.558" endtime="20251120 14:55:39.559" />
</kw>
<doc>&#1055;&#1088;&#1086;&#1074;&#1077;&#1088;&#1082;&#1072; &#1095;&#1090;&#1086; cart &#1088;&#1072;&#1073;&#1086;&#1072;&#1090;&#1077;&#1090; &#1085;&#1077;&#1074;&#1077;&#1088;&#1085;&#1086; &#1082;&#1085;&#1086;&#1087;&#1082;&#1072; &#1091;&#1076;&#1072;&#1083;&#1077;&#1085;&#1080;&#1103;</doc>
<status status="PASS" starttime="20251120 14:54:57.847" endtime="20251120 14:55:39.559" />
</test>
<test id="s1-s1-t2" name="Check filters" line="27">
<kw name="Login To site Error User" library="resources">
<kw name="Open Browser" library="SeleniumLibrary">
<arg>${BASE_URL}</arg>
<arg>chrome</arg>
<doc>Opens a new browser instance to the optional ``url``.</doc>
<msg timestamp="20251120 14:55:41.438" level="INFO">Opening browser 'chrome' to base url 'https://www.saucedemo.com/'.</msg>
<msg timestamp="20251120 14:55:41.493" level="INFO">Completed setup!</msg>
<status status="PASS" starttime="20251120 14:55:41.438" endtime="20251120 14:55:59.875" />
</kw>
<kw name="Input Text" library="SeleniumLibrary">
<arg>id=user-name</arg>
<arg>${USERNAME}</arg>
<doc>Types the given ``text`` into the text field identified by ``locator``.</doc>
<msg timestamp="20251120 14:55:59.882" level="INFO">Typing text 'problem_user' into text field 'id=user-name'.</msg>
<status status="PASS" starttime="20251120 14:55:59.879" endtime="20251120 14:56:01.865" />
</kw>
<kw name="Input Text" library="SeleniumLibrary">
<arg>id=password</arg>
<arg>${PASSWORD}</arg>
<doc>Types the given ``text`` into the text field identified by ``locator``.</doc>
<msg timestamp="20251120 14:56:01.868" level="INFO">Typing text 'secret_sauce' into text field 'id=password'.</msg>
<status status="PASS" starttime="20251120 14:56:01.867" endtime="20251120 14:56:03.207" />
</kw>
<kw name="Click Button" library="SeleniumLibrary">
<arg>id=login-button</arg>
<doc>Clicks the button identified by ``locator``.</doc>
<msg timestamp="20251120 14:56:03.216" level="INFO">Clicking button 'id=login-button'.</msg>
<status status="PASS" starttime="20251120 14:56:03.214" endtime="20251120 14:56:04.746" />
</kw>
<kw name="Location Should Contain" library="SeleniumLibrary">
<arg>inventory.html</arg>
<doc>Verifies that the current URL contains ``expected``.</doc>
<msg timestamp="20251120 14:56:05.214" level="INFO">Current location contains 'inventory.html'.</msg>
<status status="PASS" starttime="20251120 14:56:04.749" endtime="20251120 14:56:05.215" />
</kw>
<status status="PASS" starttime="20251120 14:55:41.435" endtime="20251120 14:56:05.217" />
</kw>
<kw name="Page Should Contain Element" library="SeleniumLibrary">
<arg>class=product_sort_container</arg>
<doc>Verifies that element ``locator`` is found on the current page.</doc>
<msg timestamp="20251120 14:56:05.523" level="INFO">Current page contains element 'class=product_sort_container'.</msg>
<status status="PASS" starttime="20251120 14:56:05.218" endtime="20251120 14:56:05.525" />
</kw>
<kw name="Click Element" library="SeleniumLibrary">
<arg>class=product_sort_container</arg>
<doc>Click the element identified by ``locator``.</doc>
<msg timestamp="20251120 14:56:05.529" level="INFO">Clicking element 'class=product_sort_container'.</msg>
<status status="PASS" starttime="20251120 14:56:05.527" endtime="20251120 14:56:06.590" />
</kw>
<kw name="Click Element" library="SeleniumLibrary">
<arg>xpath=//*[@id="header_container"]/div[2]/div/span/select/option[4]</arg>
<doc>Click the element identified by ``locator``.</doc>
<msg timestamp="20251120 14:56:06.596" level="INFO">Clicking element 'xpath=//*[@id="header_container"]/div[2]/div/span/select/option[4]'.</msg>
<status status="PASS" starttime="20251120 14:56:06.592" endtime="20251120 14:56:07.213" />
</kw>
<kw name="Get Text" library="SeleniumLibrary">
<var>${highest}</var>
<arg>xpath=//*[@id="inventory_container"]/div/div[1]/div[2]/div[2]/div[1]</arg>
<doc>Returns the text value of the element identified by ``locator``.</doc>
<msg timestamp="20251120 14:56:07.797" level="INFO">${highest} = $29.99</msg>
<status status="PASS" starttime="20251120 14:56:07.215" endtime="20251120 14:56:07.798" />
</kw>
<kw name="Get Text" library="SeleniumLibrary">
<var>${lowest}</var>
<arg>xpath=//*[@id="inventory_container"]/div/div[6]/div[2]/div[2]/div</arg>
<doc>Returns the text value of the element identified by ``locator``.</doc>
<msg timestamp="20251120 14:56:08.332" level="INFO">${lowest} = $15.99</msg>
<status status="PASS" starttime="20251120 14:56:07.799" endtime="20251120 14:56:08.334" />
</kw>
<kw name="Log To Console" library="BuiltIn">
<arg>${highest}</arg>
<doc>Logs the given message to the console.</doc>
<status status="PASS" starttime="20251120 14:56:08.336" endtime="20251120 14:56:08.338" />
</kw>
<kw name="Log To Console" library="BuiltIn">
<arg>${lowest}</arg>
<doc>Logs the given message to the console.</doc>
<status status="PASS" starttime="20251120 14:56:08.340" endtime="20251120 14:56:08.341" />
</kw>
<kw name="Should Not Be Equal As Strings" library="BuiltIn">
<arg>${highest}</arg>
<arg>${HIGHEST_REAL}</arg>
<doc>Fails if objects are equal after converting them to strings.</doc>
<status status="PASS" starttime="20251120 14:56:08.342" endtime="20251120 14:56:08.343" />
</kw>
<kw name="Should Not Be Equal As Strings" library="BuiltIn">
<arg>${lowest}</arg>
<arg>${LOWEST_REAL}</arg>
<doc>Fails if objects are equal after converting them to strings.</doc>
<status status="PASS" starttime="20251120 14:56:08.344" endtime="20251120 14:56:08.346" />
</kw>
<doc>&#1055;&#1088;&#1086;&#1074;&#1077;&#1088;&#1082;&#1072; &#1092;&#1080;&#1083;&#1100;&#1090;&#1088;&#1072; &#1087;&#1086; &#1094;&#1077;&#1085;&#1077;</doc>
<status status="PASS" starttime="20251120 14:55:41.429" endtime="20251120 14:56:08.347" />
</test>
<kw name="Close All Browsers" library="SeleniumLibrary" type="TEARDOWN">
<doc>Closes all open browsers and resets the browser cache.</doc>
<status status="PASS" starttime="20251120 14:56:09.749" endtime="20251120 14:56:13.066" />
</kw>
<status status="PASS" starttime="20251120 14:54:57.820" endtime="20251120 14:56:13.067" />
</suite>
<status status="PASS" starttime="20251120 14:54:57.820" endtime="20251120 14:56:13.067" />
</suite><errors>
</errors>
</robot>