<robot generator="Robot 6.1.1 (Python 3.9.6 on darwin)" generated="20251120 14:55:07.884" rpa="false" schemaversion="4">
<statistics>
<total>
<stat pass="4" fail="0" skip="0">All Tests</stat>
</total>
<tag>
</tag>
<suite>
<stat pass="4" fail="0" skip="0" id="s1" name="testCases">testCases</stat>
<stat pass="4" fail="0" skip="0" id="s1-s1" name="Login Page Test">testCases.Login Page Test</stat>
</suite>
</statistics>
<suite name="Suites" id="s0"><suite id="s1-s1" name="Login Page Test OS X, Monterey, Safari, 15.6" source="/Users/sarvarsadazov/PycharmProjects/qa-assignments/testCases/login_page_test.robot">
<test id="s1-s1-t1" name="Login Successful" line="7">
<kw name="Open Browser" library="SeleniumLibrary">
<arg>${BASE_URL}</arg>
<arg>chrome</arg>
<doc>Opens a new browser instance to the optional ``url``.</doc>
<msg timestamp="20251120 14:55:07.916" level="INFO">Opening browser 'chrome' to base url 'https://www.saucedemo.com/'.</msg>
<msg timestamp="20251120 14:55:07.954" level="INFO">Completed setup!</msg>
<status status="PASS" starttime="20251120 14:55:07.916" endtime="20251120 14:55:18.333" />
</kw>
<kw name="Input Text" library="SeleniumLibrary">
<arg>id=user-name</arg>
<arg>${STANDARD_USER}</arg>
<doc>Types the given ``text`` into the text field identified by ``locator``.</doc>
<msg timestamp="20251120 14:55:18.338" level="INFO">Typing text 'standard_user' into text field 'id=user-name'.</msg>
<status status="PASS" starttime="20251120 14:55:18.336" endtime="20251120 14:55:19.599" />
</kw>
<kw name="Input Text" library="SeleniumLibrary">
<arg>id=password</arg>
<arg>${PASSWORD}</arg>
<doc>Types the given ``text`` into the text field identified by ``locator``.</doc>
<msg timestamp="20251120 14:55:19.604" level="INFO">Typing text 'secret_sauce' into text field 'id=password'.</msg>
<status status="PASS" starttime="20251120 14:55:19.601" endtime="20251120 14:55:20.670" />
</kw>
<kw name="Click Button" library="SeleniumLibrary">
<arg>id=login-button</arg>
<doc>Clicks the button identified by ``locator``.</doc>
<msg timestamp="20251120 14:55:20.671" level="INFO">Clicking button 'id=login-button'.</msg>
<status status="PASS" starttime="20251120 14:55:20.671" endtime="20251120 14:55:21.995" />
</kw>
<kw name="Page Should Contain Element" library="SeleniumLibrary">
<arg>class=product_sort_container</arg>
<doc>Verifies that element ``locator`` is found on the current page.</doc>
<msg timestamp="20251120 14:55:22.327" level="INFO">Current page contains element 'class=product_sort_container'.</msg>
<status status="PASS" starttime="20251120 14:55:21.998" endtime="20251120 14:55:22.329" />
</kw>
<kw name="Close Browser" library="SeleniumLibrary">
<doc>Closes the current browser.</doc>
<status status="PASS" starttime="20251120 14:55:22.330" endtime="20251120 14:55:22.331" />
</kw>
<status status="PASS" starttime="20251120 14:55:07.915" endtime="20251120 14:55:22.332" />
</test>
<test id="s1-s1-t2" name="Password is incorrect" line="15">
<kw name="Open Browser" library="SeleniumLibrary">
<arg>${BASE_URL}</arg>
<arg>chrome</arg>
<doc>Opens a new browser instance to the optional ``url``.</doc>
<msg timestamp="20251120 14:55:24.793" level="INFO">Opening browser 'chrome' to base url 'https://www.saucedemo.com/'.</msg>
<msg timestamp="20251120 14:55:24.859" level="INFO">Completed setup!</msg>
<status status="PASS" starttime="20251120 14:55:24.791" endtime="20251120 14:55:34.705" />
</kw>
<kw name="Input Text" library="SeleniumLibrary">
<arg>id=user-name</arg>
<arg>${STANDARD_USER}</arg>
<doc>Types the given ``text`` into the text field identified by ``locator``.</doc>
<msg timestamp="20251120 14:55:34.709" level="INFO">Typing text 'standard_user' into text field 'id=user-name'.</msg>
<status status="PASS" starttime="20251120 14:55:34.707" endtime="20251120 14:55:35.799" />
</kw>
<kw name="Input Text" library="SeleniumLibrary">
<arg>id=password</arg>
<arg>${INCORRECT_PASSWORD}</arg>
<doc>Types the given ``text`` into the text field identified by ``locator``.</doc>
<msg timestamp="20251120 14:55:35.805" level="INFO">Typing text '123456' into text field 'id=password'.</msg>
<status status="PASS" starttime="20251120 14:55:35.801" endtime="20251120 14:55:36.947" />
</kw>
<kw name="Click Button" library="SeleniumLibrary">
<arg>id=login-button</arg>
<doc>Clicks the button identified by ``locator``.</doc>
<msg timestamp="20251120 14:55:36.952" level="INFO">Clicking button 'id=login-button'.</msg>
<status status="PASS" starttime="20251120 14:55:36.949" endtime="20251120 14:55:38.174" />
</kw>
<kw name="Get Text" library="SeleniumLibrary">
<var>${error_text}</var>
<arg>xpath=//*[@id="login_button_container"]/div/form/div[3]</arg>
<doc>Returns the text value of the element identified by ``locator``.</doc>
<msg timestamp="20251120 14:55:38.734" level="INFO">${error_text} = Epic sadface: Username and password do not match any user in this service</msg>
<status status="PASS" starttime="20251120 14:55:38.180" endtime="20251120 14:55:38.737" />
</kw>
<kw name="Should Contain" library="BuiltIn">
<arg>${error_text}</arg>
<arg>${INCORRECT_PASSWORD_ERROR}</arg>
<doc>Fails if ``container`` does not contain ``item`` one or more times.</doc>
<status status="PASS" starttime="20251120 14:55:38.740" endtime="20251120 14:55:38.743" />
</kw>
<kw name="Close Browser" library="SeleniumLibrary">
<doc>Closes the current browser.</doc>
<status status="PASS" starttime="20251120 14:55:38.744" endtime="20251120 14:55:38.746" />
</kw>
<status status="PASS" starttime="20251120 14:55:24.788" endtime="20251120 14:55:38.748" />
</test>
<test id="s1-s1-t3" name="User locked" line="25">
<kw name="Open Browser" library="SeleniumLibrary">
<arg>${BASE_URL}</arg>
<arg>chrome</arg>
<doc>Opens a new browser instance to the optional ``url``.</doc>
<msg timestamp="20251120 14:55:40.784" level="INFO">Opening browser 'chrome' to base url 'https://www.saucedemo.com/'.</msg>
<msg timestamp="20251120 14:55:40.851" level="INFO">Completed setup!</msg>
<status status="PASS" starttime="20251120 14:55:40.782" endtime="20251120 14:55:53.382" />
</kw>
<kw name="Input Text" library="SeleniumLibrary">
<arg>id=user-name</arg>
<arg>${LOCKED_OUT_USER}</arg>
<doc>Types the given ``text`` into the text field identified by ``locator``.</doc>
<msg timestamp="20251120 14:55:53.386" level="INFO">Typing text 'locked_out_user' into text field 'id=user-name'.</msg>
<status status="PASS" starttime="20251120 14:55:53.384" endtime="20251120 14:55:54.708" />
</kw>
<kw name="Input Text" library="SeleniumLibrary">
<arg>id=password</arg>
<arg>${PASSWORD}</arg>
<doc>Types the given ``text`` into the text field identified by ``locator``.</doc>
<msg timestamp="20251120 14:55:54.713" level="INFO">Typing text 'secret_sauce' into text field 'id=password'.</msg>
<status status="PASS" starttime="20251120 14:55:54.711" endtime="20251120 14:55:55.751" />
</kw>
<kw name="Click Button" library="SeleniumLibrary">
<arg>id=login-button</arg>
<doc>Clicks the button identified by ``locator``.</doc>
<msg timestamp="20251120 14:55:55.755" level="INFO">Clicking button 'id=login-button'.</msg>
<status status="PASS" starttime="20251120 14:55:55.753" endtime="20251120 14:55:57.143" />
</kw>
<kw name="Get Text" library="SeleniumLibrary">
<var>${error_text}</var>
<arg>xpath=//*[@id="login_button_container"]/div/form/div[3]</arg>
<doc>Returns the text value of the element identified by ``locator``.</doc>
<msg timestamp="20251120 14:55:57.884" level="INFO">${error_text} = Epic sadface: Sorry, this user has been locked out.</msg>
<status status="PASS" starttime="20251120 14:55:57.145" endtime="20251120 14:55:57.886" />
</kw>
<kw name="Should Contain" library="BuiltIn">
<arg>${error_text}</arg>
<arg>${LOCKED_OUT_USER_ERROR}</arg>
<doc>Fails if ``container`` does not contain ``item`` one or more times.</doc>
<status status="PASS" starttime="20251120 14:55:57.888" endtime="20251120 14:55:57.892" />
</kw>
<kw name="Close Browser" library="SeleniumLibrary">
<doc>Closes the current browser.</doc>
<status status="PASS" starttime="20251120 14:55:57.893" endtime="20251120 14:55:57.895" />
</kw>
<status status="PASS" starttime="20251120 14:55:40.780" endtime="20251120 14:55:57.897" />
</test>
<test id="s1-s1-t4" name="Password is required" line="35">
<kw name="Open Browser" library="SeleniumLibrary">
<arg>${BASE_URL}</arg>
<arg>chrome</arg>
<doc>Opens a new browser instance to the optional ``url``.</doc>
<msg timestamp="20251120 14:56:00.143" level="INFO">Opening browser 'chrome' to base url 'https://www.saucedemo.com/'.</msg>
<msg timestamp="20251120 14:56:00.262" level="INFO">Completed setup!</msg>
<status status="PASS" starttime="20251120 14:56:00.141" endtime="20251120 14:56:08.495" />
</kw>
<kw name="Input Text" library="SeleniumLibrary">
<arg>id=user-name</arg>
<arg>${LOCKED_OUT_USER}</arg>
<doc>Types the given ``text`` into the text field identified by ``locator``.</doc>
<msg timestamp="20251120 14:56:08.499" level="INFO">Typing text 'locked_out_user' into text field 'id=user-name'.</msg>
<status status="PASS" starttime="20251120 14:56:08.497" endtime="20251120 14:56:09.677" />
</kw>
<kw name="Input Text" library="SeleniumLibrary">
<arg>id=password</arg>
<arg>${PASSWORD}</arg>
<doc>Types the given ``text`` into the text field identified by ``locator``.</doc>
<msg timestamp="20251120 14:56:09.682" level="INFO">Typing text 'secret_sauce' into text field 'id=password'.</msg>
<status status="PASS" starttime="20251120 14:56:09.679" endtime="20251120 14:56:10.737" />
</kw>
<kw name="Click Button" library="SeleniumLibrary">
<arg>id=login-button</arg>
<doc>Clicks the button identified by ``locator``.</doc>
<msg timestamp="20251120 14:56:10.741" level="INFO">Clicking button 'id=login-button'.</msg>
<status status="PASS" starttime="20251120 14:56:10.739" endtime="20251120 14:56:12.025" />
</kw>
<kw name="Get Text" library="SeleniumLibrary">
<var>${error_text}</var>
<arg>xpath=//*[@id="login_button_container"]/div/form/div[3]</arg>
<doc>Returns the text value of the element identified by ``locator``.</doc>
<msg timestamp="20251120 14:56:12.757" level="INFO">${error_text} = Epic sadface: Sorry, this user has been locked out.</msg>
<status status="PASS" starttime="20251120 14:56:12.027" endtime="20251120 14:56:12.758" />
</kw>
<kw name="Should Contain" library="BuiltIn">
<arg>${error_text}</arg>
<arg>${EMPTY_PASSWORD}</arg>
<doc>Fails if ``container`` does not contain ``item`` one or more times.</doc>
<status status="PASS" starttime="20251120 14:56:12.758" endtime="20251120 14:56:12.758" />
</kw>
<kw name="Close Browser" library="SeleniumLibrary">
<doc>Closes the current browser.</doc>
<status status="PASS" starttime="20251120 14:56:12.759" endtime="20251120 14:56:12.759" />
</kw>
<status status="PASS" starttime="20251120 14:56:00.139" endtime="20251120 14:56:12.759" />
</test>
<status status="PASS" starttime="20251120 14:55:07.890" endtime="20251120 14:56:15.183" />
</suite>
<status status="PASS" starttime="20251120 14:55:07.890" endtime="20251120 14:56:15.183" />
</suite><errors>
</errors>
</robot>