<robot generator="Robot 6.1.1 (Python 3.9.6 on darwin)" generated="20251120 14:54:21.460" rpa="false" schemaversion="4">
<statistics>
<total>
<stat pass="2" fail="0" skip="0">All Tests</stat>
</total>
<tag>
</tag>
<suite>
<stat pass="2" fail="0" skip="0" id="s1" name="testCases">testCases</stat>
<stat pass="2" fail="0" skip="0" id="s1-s1" name="Login Page Error User Test">testCases.Login Page Error User Test</stat>
</suite>
</statistics>
<suite name="Suites" id="s0"><suite id="s1-s1" name="Login Page Error User Test OS X, Monterey, Safari, 15.6" source="/Users/sarvarsadazov/PycharmProjects/qa-assignments/testCases/login_page_error_user_test.robot">
<test id="s1-s1-t1" name="Cart works incorect" line="9">
<kw name="Login To site Error User" library="resources">
<kw name="Open Browser" library="SeleniumLibrary">
<arg>${BASE_URL}</arg>
<arg>chrome</arg>
<doc>Opens a new browser instance to the optional ``url``.</doc>
<msg timestamp="20251120 14:54:21.496" level="INFO">Opening browser 'chrome' to base url 'https://www.saucedemo.com/'.</msg>
<msg timestamp="20251120 14:54:21.638" level="INFO">Completed setup!</msg>
<status status="PASS" starttime="20251120 14:54:21.496" endtime="20251120 14:54:30.163" />
</kw>
<kw name="Input Text" library="SeleniumLibrary">
<arg>id=user-name</arg>
<arg>${USERNAME}</arg>
<doc>Types the given ``text`` into the text field identified by ``locator``.</doc>
<msg timestamp="20251120 14:54:30.170" level="INFO">Typing text 'problem_user' into text field 'id=user-name'.</msg>
<status status="PASS" starttime="20251120 14:54:30.167" endtime="20251120 14:54:31.400" />
</kw>
<kw name="Input Text" library="SeleniumLibrary">
<arg>id=password</arg>
<arg>${PASSWORD}</arg>
<doc>Types the given ``text`` into the text field identified by ``locator``.</doc>
<msg timestamp="20251120 14:54:31.407" level="INFO">Typing text 'secret_sauce' into text field 'id=password'.</msg>
<status status="PASS" starttime="20251120 14:54:31.404" endtime="20251120 14:54:32.651" />
</kw>
<kw name="Click Button" library="SeleniumLibrary">
<arg>id=login-button</arg>
<doc>Clicks the button identified by ``locator``.</doc>
<msg timestamp="20251120 14:54:32.657" level="INFO">Clicking button 'id=login-button'.</msg>
<status status="PASS" starttime="20251120 14:54:32.654" endtime="20251120 14:54:33.952" />
</kw>
<kw name="Location Should Contain" library="SeleniumLibrary">
<arg>inventory.html</arg>
<doc>Verifies that the current URL contains ``expected``.</doc>
<msg timestamp="20251120 14:54:34.315" level="INFO">Current location contains 'inventory.html'.</msg>
<status status="PASS" starttime="20251120 14:54:33.954" endtime="20251120 14:54:34.316" />
</kw>
<status status="PASS" starttime="20251120 14:54:21.495" endtime="20251120 14:54:34.319" />
</kw>
<kw name="Page Should Contain Element" library="SeleniumLibrary">
<arg>class=inventory_item</arg>
<doc>Verifies that element ``locator`` is found on the current page.</doc>
<msg timestamp="20251120 14:54:34.738" level="INFO">Current page contains element 'class=inventory_item'.</msg>
<status status="PASS" starttime="20251120 14:54:34.320" endtime="20251120 14:54:34.740" />
</kw>
<kw name="Click Button" library="SeleniumLibrary">
<arg>xpath=//*[@id="add-to-cart-sauce-labs-onesie"]</arg>
<doc>Clicks the button identified by ``locator``.</doc>
<msg timestamp="20251120 14:54:34.746" level="INFO">Clicking button 'xpath=//*[@id="add-to-cart-sauce-labs-onesie"]'.</msg>
<status status="PASS" starttime="20251120 14:54:34.742" endtime="20251120 14:54:36.642" />
</kw>
<kw name="Page Should Contain Element" library="SeleniumLibrary">
<arg>class=shopping_cart_link</arg>
<doc>Verifies that element ``locator`` is found on the current page.</doc>
<msg timestamp="20251120 14:54:36.964" level="INFO">Current page contains element 'class=shopping_cart_link'.</msg>
<status status="PASS" starttime="20251120 14:54:36.644" endtime="20251120 14:54:36.965" />
</kw>
<kw name="Get Text" library="SeleniumLibrary">
<var>${amount}</var>
<arg>xpath=//*[@id="shopping_cart_container"]/a/span</arg>
<doc>Returns the text value of the element identified by ``locator``.</doc>
<msg timestamp="20251120 14:54:37.518" level="INFO">${amount} = 1</msg>
<status status="PASS" starttime="20251120 14:54:36.966" endtime="20251120 14:54:37.520" />
</kw>
<kw name="Should Be Equal As Integers" library="BuiltIn">
<arg>${amount}</arg>
<arg>1</arg>
<doc>Fails if objects are unequal after converting them to integers.</doc>
<status status="PASS" starttime="20251120 14:54:37.523" endtime="20251120 14:54:37.525" />
</kw>
<kw name="Click Button" library="SeleniumLibrary">
<arg>xpath=//*[@id="remove-sauce-labs-onesie"]</arg>
<doc>Clicks the button identified by ``locator``.</doc>
<msg timestamp="20251120 14:54:37.531" level="INFO">Clicking button 'xpath=//*[@id="remove-sauce-labs-onesie"]'.</msg>
<status status="PASS" starttime="20251120 14:54:37.527" endtime="20251120 14:54:39.245" />
</kw>
<kw name="Page Should Contain Element" library="SeleniumLibrary">
<arg>xpath=//*[@id="shopping_cart_container"]/a/span</arg>
<doc>Verifies that element ``locator`` is found on the current page.</doc>
<msg timestamp="20251120 14:54:39.672" level="INFO">Current page contains element 'xpath=//*[@id="shopping_cart_container"]/a/span'.</msg>
<status status="PASS" starttime="20251120 14:54:39.247" endtime="20251120 14:54:39.674" />
</kw>
<kw name="Log To Console" library="BuiltIn">
<arg>${amount}</arg>
<doc>Logs the given message to the console.</doc>
<status status="PASS" starttime="20251120 14:54:39.676" endtime="20251120 14:54:39.678" />
</kw>
<doc>&#1055;&#1088;&#1086;&#1074;&#1077;&#1088;&#1082;&#1072; &#1095;&#1090;&#1086; cart &#1088;&#1072;&#1073;&#1086;&#1072;&#1090;&#1077;&#1090; &#1085;&#1077;&#1074;&#1077;&#1088;&#1085;&#1086; &#1082;&#1085;&#1086;&#1087;&#1082;&#1072; &#1091;&#1076;&#1072;&#1083;&#1077;&#1085;&#1080;&#1103;</doc>
<status status="PASS" starttime="20251120 14:54:21.495" endtime="20251120 14:54:39.679" />
</test>
<test id="s1-s1-t2" name="Check filters" line="27">
<kw name="Login To site Error User" library="resources">
<kw name="Open Browser" library="SeleniumLibrary">
<arg>${BASE_URL}</arg>
<arg>chrome</arg>
<doc>Opens a new browser instance to the optional ``url``.</doc>
<msg timestamp="20251120 14:54:40.589" level="INFO">Opening browser 'chrome' to base url 'https://www.saucedemo.com/'.</msg>
<msg timestamp="20251120 14:54:40.654" level="INFO">Completed setup!</msg>
<status status="PASS" starttime="20251120 14:54:40.589" endtime="20251120 14:54:50.562" />
</kw>
<kw name="Input Text" library="SeleniumLibrary">
<arg>id=user-name</arg>
<arg>${USERNAME}</arg>
<doc>Types the given ``text`` into the text field identified by ``locator``.</doc>
<msg timestamp="20251120 14:54:50.565" level="INFO">Typing text 'problem_user' into text field 'id=user-name'.</msg>
<status status="PASS" starttime="20251120 14:54:50.564" endtime="20251120 14:54:51.808" />
</kw>
<kw name="Input Text" library="SeleniumLibrary">
<arg>id=password</arg>
<arg>${PASSWORD}</arg>
<doc>Types the given ``text`` into the text field identified by ``locator``.</doc>
<msg timestamp="20251120 14:54:51.815" level="INFO">Typing text 'secret_sauce' into text field 'id=password'.</msg>
<status status="PASS" starttime="20251120 14:54:51.812" endtime="20251120 14:54:52.841" />
</kw>
<kw name="Click Button" library="SeleniumLibrary">
<arg>id=login-button</arg>
<doc>Clicks the button identified by ``locator``.</doc>
<msg timestamp="20251120 14:54:52.848" level="INFO">Clicking button 'id=login-button'.</msg>
<status status="PASS" starttime="20251120 14:54:52.845" endtime="20251120 14:54:54.184" />
</kw>
<kw name="Location Should Contain" library="SeleniumLibrary">
<arg>inventory.html</arg>
<doc>Verifies that the current URL contains ``expected``.</doc>
<msg timestamp="20251120 14:54:54.512" level="INFO">Current location contains 'inventory.html'.</msg>
<status status="PASS" starttime="20251120 14:54:54.189" endtime="20251120 14:54:54.512" />
</kw>
<status status="PASS" starttime="20251120 14:54:40.588" endtime="20251120 14:54:54.513" />
</kw>
<kw name="Page Should Contain Element" library="SeleniumLibrary">
<arg>class=product_sort_container</arg>
<doc>Verifies that element ``locator`` is found on the current page.</doc>
<msg timestamp="20251120 14:54:54.926" level="INFO">Current page contains element 'class=product_sort_container'.</msg>
<status status="PASS" starttime="20251120 14:54:54.513" endtime="20251120 14:54:54.926" />
</kw>
<kw name="Click Element" library="SeleniumLibrary">
<arg>class=product_sort_container</arg>
<doc>Click the element identified by ``locator``.</doc>
<msg timestamp="20251120 14:54:54.927" level="INFO">Clicking element 'class=product_sort_container'.</msg>
<status status="PASS" starttime="20251120 14:54:54.927" endtime="20251120 14:54:55.664" />
</kw>
<kw name="Click Element" library="SeleniumLibrary">
<arg>xpath=//*[@id="header_container"]/div[2]/div/span/select/option[4]</arg>
<doc>Click the element identified by ``locator``.</doc>
<msg timestamp="20251120 14:54:55.671" level="INFO">Clicking element 'xpath=//*[@id="header_container"]/div[2]/div/span/select/option[4]'.</msg>
<status status="PASS" starttime="20251120 14:54:55.666" endtime="20251120 14:54:56.534" />
</kw>
<kw name="Get Text" library="SeleniumLibrary">
<var>${highest}</var>
<arg>xpath=//*[@id="inventory_container"]/div/div[1]/div[2]/div[2]/div[1]</arg>
<doc>Returns the text value of the element identified by ``locator``.</doc>
<msg timestamp="20251120 14:54:57.083" level="INFO">${highest} = $29.99</msg>
<status status="PASS" starttime="20251120 14:54:56.538" endtime="20251120 14:54:57.085" />
</kw>
<kw name="Get Text" library="SeleniumLibrary">
<var>${lowest}</var>
<arg>xpath=//*[@id="inventory_container"]/div/div[6]/div[2]/div[2]/div</arg>
<doc>Returns the text value of the element identified by ``locator``.</doc>
<msg timestamp="20251120 14:54:57.721" level="INFO">${lowest} = $15.99</msg>
<status status="PASS" starttime="20251120 14:54:57.087" endtime="20251120 14:54:57.722" />
</kw>
<kw name="Log To Console" library="BuiltIn">
<arg>${highest}</arg>
<doc>Logs the given message to the console.</doc>
<status status="PASS" starttime="20251120 14:54:57.723" endtime="20251120 14:54:57.725" />
</kw>
<kw name="Log To Console" library="BuiltIn">
<arg>${lowest}</arg>
<doc>Logs the given message to the console.</doc>
<status status="PASS" starttime="20251120 14:54:57.725" endtime="20251120 14:54:57.725" />
</kw>
<kw name="Should Not Be Equal As Strings" library="BuiltIn">
<arg>${highest}</arg>
<arg>${HIGHEST_REAL}</arg>
<doc>Fails if objects are equal after converting them to strings.</doc>
<status status="PASS" starttime="20251120 14:54:57.726" endtime="20251120 14:54:57.726" />
</kw>
<kw name="Should Not Be Equal As Strings" library="BuiltIn">
<arg>${lowest}</arg>
<arg>${LOWEST_REAL}</arg>
<doc>Fails if objects are equal after converting them to strings.</doc>
<status status="PASS" starttime="20251120 14:54:57.727" endtime="20251120 14:54:57.727" />
</kw>
<doc>&#1055;&#1088;&#1086;&#1074;&#1077;&#1088;&#1082;&#1072; &#1092;&#1080;&#1083;&#1100;&#1090;&#1088;&#1072; &#1087;&#1086; &#1094;&#1077;&#1085;&#1077;</doc>
<status status="PASS" starttime="20251120 14:54:40.585" endtime="20251120 14:54:57.727" />
</test>
<kw name="Close All Browsers" library="SeleniumLibrary" type="TEARDOWN">
<doc>Closes all open browsers and resets the browser cache.</doc>
<status status="PASS" starttime="20251120 14:54:58.803" endtime="20251120 14:55:01.901" />
</kw>
<status status="PASS" starttime="20251120 14:54:21.468" endtime="20251120 14:55:01.904" />
</suite>
<status status="PASS" starttime="20251120 14:54:21.468" endtime="20251120 14:55:01.904" />
</suite><errors>
</errors>
</robot>